<?xml version="1.0" encoding="UTF-8"?>
<TestRun id="f79bf70e-b7fd-4acf-a4c5-6059a8a02839" name="parinya.c@PC_004 2012-10-05 09:51:32" runUser="CARPASSAD\parinya.c" xmlns="http://microsoft.com/schemas/VisualStudio/TeamTest/2010">
  <TestSettings name="Local" id="ef382cb5-c94e-4630-beb4-c28e26d8ecd3">
    <Description>These are default test settings for a local test run.</Description>
    <Deployment enabled="false" runDeploymentRoot="parinya.c_PC_004 2012-10-05 09_51_32">
      <DeploymentItem filename="D:\GithubRepositories\AdminChavp\AdminChavp.Test\lib\Newtonsoft.Json.dll" />
      <DeploymentItem filename="D:\GithubRepositories\AdminChavp\AdminChavp.Test\lib\MongoDB.Bson.dll" />
      <DeploymentItem filename="D:\GithubRepositories\AdminChavp\AdminChavp.Test\lib\MongoDB.Driver.dll" />
    </Deployment>
    <Execution>
      <TestTypeSpecific />
      <AgentRule name="Execution Agents">
      </AgentRule>
    </Execution>
  </TestSettings>
  <Times creation="2012-10-05T09:51:32.9754934+07:00" queuing="2012-10-05T09:51:33.2561836+07:00" start="2012-10-05T09:51:33.2717775+07:00" finish="2012-10-05T09:51:34.3009749+07:00" />
  <ResultSummary outcome="Completed">
    <Counters total="1" executed="1" passed="1" error="0" failed="0" timeout="0" aborted="0" inconclusive="0" passedButRunAborted="0" notRunnable="0" notExecuted="0" disconnected="0" warning="0" completed="0" inProgress="0" pending="0" />
  </ResultSummary>
  <TestDefinitions>
    <UnitTest name="GetDetailOfMethod" storage="d:\githubrepositories\adminchavp\adminchavp.test\bin\debug\adminchavp.test.dll" id="ac4dd233-1222-c5c0-194c-46d8d7f0a600">
      <Execution id="ebcbfdfa-b7a3-4ce8-9493-7259ccdec66d" />
      <TestMethod codeBase="D:/GithubRepositories/AdminChavp/AdminChavp.Test/bin/Debug/AdminChavp.Test.DLL" adapterTypeName="Microsoft.VisualStudio.TestTools.TestTypes.Unit.UnitTestAdapter, Microsoft.VisualStudio.QualityTools.Tips.UnitTest.Adapter, Version=10.0.0.0, Culture=neutral, PublicKeyToken=b03f5f7f11d50a3a" className="AdminChavp.Test.UnitTest1, AdminChavp.Test, Version=1.0.0.0, Culture=neutral, PublicKeyToken=null" name="GetDetailOfMethod" />
    </UnitTest>
  </TestDefinitions>
  <TestLists>
    <TestList name="Results Not in a List" id="8c84fa94-04c1-424b-9868-57a2d4851a1d" />
    <TestList name="All Loaded Results" id="19431567-8539-422a-85d7-44ee4e166bda" />
  </TestLists>
  <TestEntries>
    <TestEntry testId="ac4dd233-1222-c5c0-194c-46d8d7f0a600" executionId="ebcbfdfa-b7a3-4ce8-9493-7259ccdec66d" testListId="8c84fa94-04c1-424b-9868-57a2d4851a1d" />
  </TestEntries>
  <Results>
    <UnitTestResult executionId="ebcbfdfa-b7a3-4ce8-9493-7259ccdec66d" testId="ac4dd233-1222-c5c0-194c-46d8d7f0a600" testName="GetDetailOfMethod" computerName="PC_004" duration="00:00:00.8052488" startTime="2012-10-05T09:51:33.2717775+07:00" endTime="2012-10-05T09:51:34.2697871+07:00" testType="13cdc9d9-ddb5-4fa4-a97d-d965ccfc6d4b" outcome="Passed" testListId="8c84fa94-04c1-424b-9868-57a2d4851a1d" relativeResultsDirectory="ebcbfdfa-b7a3-4ce8-9493-7259ccdec66d">
      <Output>
        <StdOut>{ "createdDate" : ISODate("2012-10-04T02:56:24.002Z") } - { "count" : 1.0 } - 1 - 10/4/2012 9:56:24 AM
{ "createdDate" : ISODate("2012-10-04T02:56:24.08Z") } - { "count" : 1.0 } - 1 - 10/4/2012 9:56:24 AM
{ "createdDate" : ISODate("2012-10-04T02:56:24.158Z") } - { "count" : 1.0 } - 1 - 10/4/2012 9:56:24 AM
{ "createdDate" : ISODate("2012-10-04T02:56:24.22Z") } - { "count" : 1.0 } - 1 - 10/4/2012 9:56:24 AM
{ "createdDate" : ISODate("2012-10-04T02:56:24.283Z") } - { "count" : 1.0 } - 1 - 10/4/2012 9:56:24 AM
{ "createdDate" : ISODate("2012-10-04T02:56:24.33Z") } - { "count" : 1.0 } - 1 - 10/4/2012 9:56:24 AM
{ "createdDate" : ISODate("2012-10-04T02:56:24.439Z") } - { "count" : 1.0 } - 1 - 10/4/2012 9:56:24 AM
{ "createdDate" : ISODate("2012-10-04T02:56:24.502Z") } - { "count" : 1.0 } - 1 - 10/4/2012 9:56:24 AM
{ "createdDate" : ISODate("2012-10-04T02:56:24.564Z") } - { "count" : 1.0 } - 1 - 10/4/2012 9:56:24 AM
{ "createdDate" : ISODate("2012-10-04T02:56:24.627Z") } - { "count" : 1.0 } - 1 - 10/4/2012 9:56:24 AM
{ "createdDate" : ISODate("2012-10-04T02:56:24.689Z") } - { "count" : 1.0 } - 1 - 10/4/2012 9:56:24 AM
{ "createdDate" : ISODate("2012-10-04T02:57:03.595Z") } - { "count" : 1.0 } - 1 - 10/4/2012 9:57:03 AM
{ "createdDate" : ISODate("2012-10-04T02:57:03.642Z") } - { "count" : 1.0 } - 1 - 10/4/2012 9:57:03 AM
{ "createdDate" : ISODate("2012-10-04T02:57:03.689Z") } - { "count" : 1.0 } - 1 - 10/4/2012 9:57:03 AM
{ "createdDate" : ISODate("2012-10-04T02:57:03.752Z") } - { "count" : 1.0 } - 1 - 10/4/2012 9:57:03 AM
{ "createdDate" : ISODate("2012-10-04T02:57:03.799Z") } - { "count" : 1.0 } - 1 - 10/4/2012 9:57:03 AM
{ "createdDate" : ISODate("2012-10-04T02:57:03.845Z") } - { "count" : 1.0 } - 1 - 10/4/2012 9:57:03 AM
{ "createdDate" : ISODate("2012-10-04T02:57:03.892Z") } - { "count" : 1.0 } - 1 - 10/4/2012 9:57:03 AM
{ "createdDate" : ISODate("2012-10-04T02:57:03.939Z") } - { "count" : 1.0 } - 1 - 10/4/2012 9:57:03 AM
{ "createdDate" : ISODate("2012-10-04T02:57:03.986Z") } - { "count" : 1.0 } - 1 - 10/4/2012 9:57:03 AM
{ "createdDate" : ISODate("2012-10-04T02:57:04.049Z") } - { "count" : 1.0 } - 1 - 10/4/2012 9:57:04 AM
{ "createdDate" : ISODate("2012-10-04T02:57:04.111Z") } - { "count" : 1.0 } - 1 - 10/4/2012 9:57:04 AM
{ "createdDate" : ISODate("2012-10-04T02:57:05.47Z") } - { "count" : 1.0 } - 1 - 10/4/2012 9:57:05 AM
{ "createdDate" : ISODate("2012-10-04T02:57:05.549Z") } - { "count" : 1.0 } - 1 - 10/4/2012 9:57:05 AM
{ "createdDate" : ISODate("2012-10-04T02:57:05.611Z") } - { "count" : 1.0 } - 1 - 10/4/2012 9:57:05 AM
{ "createdDate" : ISODate("2012-10-04T02:57:05.689Z") } - { "count" : 1.0 } - 1 - 10/4/2012 9:57:05 AM
{ "createdDate" : ISODate("2012-10-04T02:57:05.752Z") } - { "count" : 1.0 } - 1 - 10/4/2012 9:57:05 AM
{ "createdDate" : ISODate("2012-10-04T02:57:05.877Z") } - { "count" : 1.0 } - 1 - 10/4/2012 9:57:05 AM
{ "createdDate" : ISODate("2012-10-04T02:57:06.017Z") } - { "count" : 1.0 } - 1 - 10/4/2012 9:57:06 AM
{ "createdDate" : ISODate("2012-10-04T02:57:06.142Z") } - { "count" : 1.0 } - 1 - 10/4/2012 9:57:06 AM
{ "createdDate" : ISODate("2012-10-04T02:57:06.252Z") } - { "count" : 1.0 } - 1 - 10/4/2012 9:57:06 AM
{ "createdDate" : ISODate("2012-10-04T02:57:06.361Z") } - { "count" : 1.0 } - 1 - 10/4/2012 9:57:06 AM
{ "createdDate" : ISODate("2012-10-04T02:57:06.58Z") } - { "count" : 1.0 } - 1 - 10/4/2012 9:57:06 AM
{ "createdDate" : ISODate("2012-10-04T02:57:11.892Z") } - { "count" : 1.0 } - 1 - 10/4/2012 9:57:11 AM
{ "createdDate" : ISODate("2012-10-04T02:57:11.97Z") } - { "count" : 1.0 } - 1 - 10/4/2012 9:57:11 AM
{ "createdDate" : ISODate("2012-10-04T02:57:12.033Z") } - { "count" : 1.0 } - 1 - 10/4/2012 9:57:12 AM
{ "createdDate" : ISODate("2012-10-04T02:57:12.127Z") } - { "count" : 1.0 } - 1 - 10/4/2012 9:57:12 AM
{ "createdDate" : ISODate("2012-10-04T02:57:12.189Z") } - { "count" : 1.0 } - 1 - 10/4/2012 9:57:12 AM
{ "createdDate" : ISODate("2012-10-04T02:57:12.283Z") } - { "count" : 1.0 } - 1 - 10/4/2012 9:57:12 AM
{ "createdDate" : ISODate("2012-10-04T02:57:12.361Z") } - { "count" : 1.0 } - 1 - 10/4/2012 9:57:12 AM
{ "createdDate" : ISODate("2012-10-04T02:57:12.439Z") } - { "count" : 1.0 } - 1 - 10/4/2012 9:57:12 AM
{ "createdDate" : ISODate("2012-10-04T02:57:12.502Z") } - { "count" : 1.0 } - 1 - 10/4/2012 9:57:12 AM
{ "createdDate" : ISODate("2012-10-04T02:57:12.58Z") } - { "count" : 1.0 } - 1 - 10/4/2012 9:57:12 AM
{ "createdDate" : ISODate("2012-10-04T02:57:12.642Z") } - { "count" : 1.0 } - 1 - 10/4/2012 9:57:12 AM
{ "createdDate" : ISODate("2012-10-04T02:57:13.424Z") } - { "count" : 1.0 } - 1 - 10/4/2012 9:57:13 AM
{ "createdDate" : ISODate("2012-10-04T02:57:13.502Z") } - { "count" : 1.0 } - 1 - 10/4/2012 9:57:13 AM
{ "createdDate" : ISODate("2012-10-04T02:57:13.83Z") } - { "count" : 1.0 } - 1 - 10/4/2012 9:57:13 AM
{ "createdDate" : ISODate("2012-10-04T02:57:13.924Z") } - { "count" : 1.0 } - 1 - 10/4/2012 9:57:13 AM
{ "createdDate" : ISODate("2012-10-04T02:57:13.986Z") } - { "count" : 1.0 } - 1 - 10/4/2012 9:57:13 AM
{ "createdDate" : ISODate("2012-10-04T02:57:14.049Z") } - { "count" : 1.0 } - 1 - 10/4/2012 9:57:14 AM
{ "createdDate" : ISODate("2012-10-04T02:57:14.095Z") } - { "count" : 1.0 } - 1 - 10/4/2012 9:57:14 AM
{ "createdDate" : ISODate("2012-10-04T02:57:14.158Z") } - { "count" : 1.0 } - 1 - 10/4/2012 9:57:14 AM
{ "createdDate" : ISODate("2012-10-04T02:57:14.205Z") } - { "count" : 1.0 } - 1 - 10/4/2012 9:57:14 AM
{ "createdDate" : ISODate("2012-10-04T02:57:14.252Z") } - { "count" : 1.0 } - 1 - 10/4/2012 9:57:14 AM
{ "createdDate" : ISODate("2012-10-04T02:57:14.314Z") } - { "count" : 1.0 } - 1 - 10/4/2012 9:57:14 AM
{ "createdDate" : ISODate("2012-10-04T02:57:17.424Z") } - { "count" : 1.0 } - 1 - 10/4/2012 9:57:17 AM
{ "createdDate" : ISODate("2012-10-04T02:57:17.549Z") } - { "count" : 1.0 } - 1 - 10/4/2012 9:57:17 AM
{ "createdDate" : ISODate("2012-10-04T02:57:17.627Z") } - { "count" : 1.0 } - 1 - 10/4/2012 9:57:17 AM
{ "createdDate" : ISODate("2012-10-04T02:57:17.705Z") } - { "count" : 1.0 } - 1 - 10/4/2012 9:57:17 AM
{ "createdDate" : ISODate("2012-10-04T02:57:17.783Z") } - { "count" : 1.0 } - 1 - 10/4/2012 9:57:17 AM
{ "createdDate" : ISODate("2012-10-04T02:57:17.877Z") } - { "count" : 1.0 } - 1 - 10/4/2012 9:57:17 AM
{ "createdDate" : ISODate("2012-10-04T02:57:17.955Z") } - { "count" : 1.0 } - 1 - 10/4/2012 9:57:17 AM
{ "createdDate" : ISODate("2012-10-04T02:57:18.033Z") } - { "count" : 1.0 } - 1 - 10/4/2012 9:57:18 AM
{ "createdDate" : ISODate("2012-10-04T02:57:18.111Z") } - { "count" : 1.0 } - 1 - 10/4/2012 9:57:18 AM
{ "createdDate" : ISODate("2012-10-04T02:57:18.189Z") } - { "count" : 1.0 } - 1 - 10/4/2012 9:57:18 AM
{ "createdDate" : ISODate("2012-10-04T02:57:18.252Z") } - { "count" : 1.0 } - 1 - 10/4/2012 9:57:18 AM
{ "createdDate" : ISODate("2012-10-04T02:57:21.095Z") } - { "count" : 1.0 } - 1 - 10/4/2012 9:57:21 AM
{ "createdDate" : ISODate("2012-10-04T02:57:21.345Z") } - { "count" : 1.0 } - 1 - 10/4/2012 9:57:21 AM
{ "createdDate" : ISODate("2012-10-04T02:57:21.455Z") } - { "count" : 1.0 } - 1 - 10/4/2012 9:57:21 AM
{ "createdDate" : ISODate("2012-10-04T02:57:21.549Z") } - { "count" : 1.0 } - 1 - 10/4/2012 9:57:21 AM
{ "createdDate" : ISODate("2012-10-04T02:57:21.783Z") } - { "count" : 1.0 } - 1 - 10/4/2012 9:57:21 AM
{ "createdDate" : ISODate("2012-10-04T02:57:22.002Z") } - { "count" : 1.0 } - 1 - 10/4/2012 9:57:22 AM
{ "createdDate" : ISODate("2012-10-04T02:57:22.127Z") } - { "count" : 1.0 } - 1 - 10/4/2012 9:57:22 AM
{ "createdDate" : ISODate("2012-10-04T02:57:22.267Z") } - { "count" : 1.0 } - 1 - 10/4/2012 9:57:22 AM
{ "createdDate" : ISODate("2012-10-04T02:57:22.377Z") } - { "count" : 1.0 } - 1 - 10/4/2012 9:57:22 AM
{ "createdDate" : ISODate("2012-10-04T02:57:22.642Z") } - { "count" : 1.0 } - 1 - 10/4/2012 9:57:22 AM
{ "createdDate" : ISODate("2012-10-04T02:57:22.83Z") } - { "count" : 1.0 } - 1 - 10/4/2012 9:57:22 AM
{ "createdDate" : ISODate("2012-10-04T02:57:26.595Z") } - { "count" : 1.0 } - 1 - 10/4/2012 9:57:26 AM
{ "createdDate" : ISODate("2012-10-04T02:57:27.002Z") } - { "count" : 1.0 } - 1 - 10/4/2012 9:57:27 AM
{ "createdDate" : ISODate("2012-10-04T02:57:27.267Z") } - { "count" : 1.0 } - 1 - 10/4/2012 9:57:27 AM
{ "createdDate" : ISODate("2012-10-04T02:57:27.424Z") } - { "count" : 1.0 } - 1 - 10/4/2012 9:57:27 AM
{ "createdDate" : ISODate("2012-10-04T02:57:27.517Z") } - { "count" : 1.0 } - 1 - 10/4/2012 9:57:27 AM
{ "createdDate" : ISODate("2012-10-04T02:57:28.377Z") } - { "count" : 1.0 } - 1 - 10/4/2012 9:57:28 AM
{ "createdDate" : ISODate("2012-10-04T02:57:28.783Z") } - { "count" : 1.0 } - 1 - 10/4/2012 9:57:28 AM
{ "createdDate" : ISODate("2012-10-04T02:57:28.939Z") } - { "count" : 1.0 } - 1 - 10/4/2012 9:57:28 AM
{ "createdDate" : ISODate("2012-10-04T02:57:29.064Z") } - { "count" : 1.0 } - 1 - 10/4/2012 9:57:29 AM
{ "createdDate" : ISODate("2012-10-04T02:57:29.283Z") } - { "count" : 1.0 } - 1 - 10/4/2012 9:57:29 AM
{ "createdDate" : ISODate("2012-10-04T02:57:29.377Z") } - { "count" : 1.0 } - 1 - 10/4/2012 9:57:29 AM
{ "createdDate" : ISODate("2012-10-04T02:57:32.845Z") } - { "count" : 1.0 } - 1 - 10/4/2012 9:57:32 AM
{ "createdDate" : ISODate("2012-10-04T02:57:32.924Z") } - { "count" : 1.0 } - 1 - 10/4/2012 9:57:32 AM
{ "createdDate" : ISODate("2012-10-04T02:57:33.017Z") } - { "count" : 1.0 } - 1 - 10/4/2012 9:57:33 AM
{ "createdDate" : ISODate("2012-10-04T02:57:33.111Z") } - { "count" : 1.0 } - 1 - 10/4/2012 9:57:33 AM
{ "createdDate" : ISODate("2012-10-04T02:57:33.252Z") } - { "count" : 1.0 } - 1 - 10/4/2012 9:57:33 AM
{ "createdDate" : ISODate("2012-10-04T02:57:33.549Z") } - { "count" : 1.0 } - 1 - 10/4/2012 9:57:33 AM
{ "createdDate" : ISODate("2012-10-04T02:57:33.767Z") } - { "count" : 1.0 } - 1 - 10/4/2012 9:57:33 AM
{ "createdDate" : ISODate("2012-10-04T02:57:33.939Z") } - { "count" : 1.0 } - 1 - 10/4/2012 9:57:33 AM
{ "createdDate" : ISODate("2012-10-04T02:57:34.064Z") } - { "count" : 1.0 } - 1 - 10/4/2012 9:57:34 AM
{ "createdDate" : ISODate("2012-10-04T02:57:34.205Z") } - { "count" : 1.0 } - 1 - 10/4/2012 9:57:34 AM
{ "createdDate" : ISODate("2012-10-04T02:57:34.33Z") } - { "count" : 1.0 } - 1 - 10/4/2012 9:57:34 AM
{ "createdDate" : ISODate("2012-10-04T02:57:40.033Z") } - { "count" : 1.0 } - 1 - 10/4/2012 9:57:40 AM
{ "createdDate" : ISODate("2012-10-04T02:57:40.455Z") } - { "count" : 1.0 } - 1 - 10/4/2012 9:57:40 AM
{ "createdDate" : ISODate("2012-10-04T02:57:40.627Z") } - { "count" : 1.0 } - 1 - 10/4/2012 9:57:40 AM
{ "createdDate" : ISODate("2012-10-04T02:57:41.267Z") } - { "count" : 1.0 } - 1 - 10/4/2012 9:57:41 AM
{ "createdDate" : ISODate("2012-10-04T02:57:41.361Z") } - { "count" : 1.0 } - 1 - 10/4/2012 9:57:41 AM
{ "createdDate" : ISODate("2012-10-04T02:57:41.611Z") } - { "count" : 1.0 } - 1 - 10/4/2012 9:57:41 AM
{ "createdDate" : ISODate("2012-10-04T02:57:41.674Z") } - { "count" : 1.0 } - 1 - 10/4/2012 9:57:41 AM
{ "createdDate" : ISODate("2012-10-04T02:57:41.799Z") } - { "count" : 1.0 } - 1 - 10/4/2012 9:57:41 AM
{ "createdDate" : ISODate("2012-10-04T02:57:41.892Z") } - { "count" : 1.0 } - 1 - 10/4/2012 9:57:41 AM
{ "createdDate" : ISODate("2012-10-04T02:57:42.002Z") } - { "count" : 1.0 } - 1 - 10/4/2012 9:57:42 AM
{ "createdDate" : ISODate("2012-10-04T02:57:42.111Z") } - { "count" : 1.0 } - 1 - 10/4/2012 9:57:42 AM
{ "createdDate" : ISODate("2012-10-04T02:57:44.892Z") } - { "count" : 1.0 } - 1 - 10/4/2012 9:57:44 AM
{ "createdDate" : ISODate("2012-10-04T02:57:45.095Z") } - { "count" : 1.0 } - 1 - 10/4/2012 9:57:45 AM
{ "createdDate" : ISODate("2012-10-04T02:57:45.455Z") } - { "count" : 1.0 } - 1 - 10/4/2012 9:57:45 AM
{ "createdDate" : ISODate("2012-10-04T02:57:45.564Z") } - { "count" : 1.0 } - 1 - 10/4/2012 9:57:45 AM
{ "createdDate" : ISODate("2012-10-04T02:57:45.627Z") } - { "count" : 1.0 } - 1 - 10/4/2012 9:57:45 AM
{ "createdDate" : ISODate("2012-10-04T02:57:45.689Z") } - { "count" : 1.0 } - 1 - 10/4/2012 9:57:45 AM
{ "createdDate" : ISODate("2012-10-04T02:57:45.767Z") } - { "count" : 1.0 } - 1 - 10/4/2012 9:57:45 AM
{ "createdDate" : ISODate("2012-10-04T02:57:45.83Z") } - { "count" : 1.0 } - 1 - 10/4/2012 9:57:45 AM
{ "createdDate" : ISODate("2012-10-04T02:57:45.908Z") } - { "count" : 1.0 } - 1 - 10/4/2012 9:57:45 AM
{ "createdDate" : ISODate("2012-10-04T02:57:45.97Z") } - { "count" : 1.0 } - 1 - 10/4/2012 9:57:45 AM
{ "createdDate" : ISODate("2012-10-04T02:57:46.017Z") } - { "count" : 1.0 } - 1 - 10/4/2012 9:57:46 AM
{ "createdDate" : ISODate("2012-10-04T02:57:47.439Z") } - { "count" : 1.0 } - 1 - 10/4/2012 9:57:47 AM
{ "createdDate" : ISODate("2012-10-04T02:57:47.517Z") } - { "count" : 1.0 } - 1 - 10/4/2012 9:57:47 AM
{ "createdDate" : ISODate("2012-10-04T02:57:47.627Z") } - { "count" : 1.0 } - 1 - 10/4/2012 9:57:47 AM
{ "createdDate" : ISODate("2012-10-04T02:57:47.689Z") } - { "count" : 1.0 } - 1 - 10/4/2012 9:57:47 AM
{ "createdDate" : ISODate("2012-10-04T02:57:47.752Z") } - { "count" : 1.0 } - 1 - 10/4/2012 9:57:47 AM
{ "createdDate" : ISODate("2012-10-04T02:57:47.845Z") } - { "count" : 1.0 } - 1 - 10/4/2012 9:57:47 AM
{ "createdDate" : ISODate("2012-10-04T02:57:47.908Z") } - { "count" : 1.0 } - 1 - 10/4/2012 9:57:47 AM
{ "createdDate" : ISODate("2012-10-04T02:57:48.002Z") } - { "count" : 1.0 } - 1 - 10/4/2012 9:57:48 AM
{ "createdDate" : ISODate("2012-10-04T02:57:48.08Z") } - { "count" : 1.0 } - 1 - 10/4/2012 9:57:48 AM
{ "createdDate" : ISODate("2012-10-04T02:57:48.158Z") } - { "count" : 1.0 } - 1 - 10/4/2012 9:57:48 AM
{ "createdDate" : ISODate("2012-10-04T02:57:48.22Z") } - { "count" : 1.0 } - 1 - 10/4/2012 9:57:48 AM
{ "createdDate" : ISODate("2012-10-04T02:59:00.33Z") } - { "count" : 1.0 } - 1 - 10/4/2012 9:59:00 AM
{ "createdDate" : ISODate("2012-10-04T02:59:00.549Z") } - { "count" : 1.0 } - 1 - 10/4/2012 9:59:00 AM
{ "createdDate" : ISODate("2012-10-04T02:59:00.783Z") } - { "count" : 1.0 } - 1 - 10/4/2012 9:59:00 AM
{ "createdDate" : ISODate("2012-10-04T02:59:01.033Z") } - { "count" : 1.0 } - 1 - 10/4/2012 9:59:01 AM
{ "createdDate" : ISODate("2012-10-04T02:59:01.095Z") } - { "count" : 1.0 } - 1 - 10/4/2012 9:59:01 AM
{ "createdDate" : ISODate("2012-10-04T02:59:01.158Z") } - { "count" : 1.0 } - 1 - 10/4/2012 9:59:01 AM
{ "createdDate" : ISODate("2012-10-04T02:59:01.236Z") } - { "count" : 1.0 } - 1 - 10/4/2012 9:59:01 AM
{ "createdDate" : ISODate("2012-10-04T02:59:01.283Z") } - { "count" : 1.0 } - 1 - 10/4/2012 9:59:01 AM
{ "createdDate" : ISODate("2012-10-04T02:59:01.345Z") } - { "count" : 1.0 } - 1 - 10/4/2012 9:59:01 AM
{ "createdDate" : ISODate("2012-10-04T02:59:01.392Z") } - { "count" : 1.0 } - 1 - 10/4/2012 9:59:01 AM
{ "createdDate" : ISODate("2012-10-04T02:59:01.455Z") } - { "count" : 1.0 } - 1 - 10/4/2012 9:59:01 AM
{ "createdDate" : ISODate("2012-10-04T02:59:23.502Z") } - { "count" : 1.0 } - 1 - 10/4/2012 9:59:23 AM
{ "createdDate" : ISODate("2012-10-04T02:59:23.595Z") } - { "count" : 1.0 } - 1 - 10/4/2012 9:59:23 AM
{ "createdDate" : ISODate("2012-10-04T02:59:23.736Z") } - { "count" : 1.0 } - 1 - 10/4/2012 9:59:23 AM
{ "createdDate" : ISODate("2012-10-04T02:59:23.908Z") } - { "count" : 1.0 } - 1 - 10/4/2012 9:59:23 AM
{ "createdDate" : ISODate("2012-10-04T02:59:24.174Z") } - { "count" : 1.0 } - 1 - 10/4/2012 9:59:24 AM
{ "createdDate" : ISODate("2012-10-04T02:59:24.299Z") } - { "count" : 1.0 } - 1 - 10/4/2012 9:59:24 AM
{ "createdDate" : ISODate("2012-10-04T02:59:24.549Z") } - { "count" : 1.0 } - 1 - 10/4/2012 9:59:24 AM
{ "createdDate" : ISODate("2012-10-04T02:59:24.845Z") } - { "count" : 1.0 } - 1 - 10/4/2012 9:59:24 AM
{ "createdDate" : ISODate("2012-10-04T02:59:25.064Z") } - { "count" : 1.0 } - 1 - 10/4/2012 9:59:25 AM
{ "createdDate" : ISODate("2012-10-04T02:59:25.267Z") } - { "count" : 1.0 } - 1 - 10/4/2012 9:59:25 AM
{ "createdDate" : ISODate("2012-10-04T02:59:25.517Z") } - { "count" : 1.0 } - 1 - 10/4/2012 9:59:25 AM
{ "createdDate" : ISODate("2012-10-04T02:59:30.314Z") } - { "count" : 1.0 } - 1 - 10/4/2012 9:59:30 AM
{ "createdDate" : ISODate("2012-10-04T02:59:30.424Z") } - { "count" : 1.0 } - 1 - 10/4/2012 9:59:30 AM
{ "createdDate" : ISODate("2012-10-04T02:59:30.658Z") } - { "count" : 1.0 } - 1 - 10/4/2012 9:59:30 AM
{ "createdDate" : ISODate("2012-10-04T02:59:30.736Z") } - { "count" : 1.0 } - 1 - 10/4/2012 9:59:30 AM
{ "createdDate" : ISODate("2012-10-04T02:59:30.924Z") } - { "count" : 1.0 } - 1 - 10/4/2012 9:59:30 AM
{ "createdDate" : ISODate("2012-10-04T02:59:31.111Z") } - { "count" : 1.0 } - 1 - 10/4/2012 9:59:31 AM
{ "createdDate" : ISODate("2012-10-04T02:59:31.361Z") } - { "count" : 1.0 } - 1 - 10/4/2012 9:59:31 AM
{ "createdDate" : ISODate("2012-10-04T02:59:31.424Z") } - { "count" : 1.0 } - 1 - 10/4/2012 9:59:31 AM
{ "createdDate" : ISODate("2012-10-04T02:59:31.502Z") } - { "count" : 1.0 } - 1 - 10/4/2012 9:59:31 AM
{ "createdDate" : ISODate("2012-10-04T02:59:31.564Z") } - { "count" : 1.0 } - 1 - 10/4/2012 9:59:31 AM
{ "createdDate" : ISODate("2012-10-04T02:59:31.627Z") } - { "count" : 1.0 } - 1 - 10/4/2012 9:59:31 AM
{ "createdDate" : ISODate("2012-10-04T02:59:33.314Z") } - { "count" : 1.0 } - 1 - 10/4/2012 9:59:33 AM
{ "createdDate" : ISODate("2012-10-04T02:59:33.58Z") } - { "count" : 1.0 } - 1 - 10/4/2012 9:59:33 AM
{ "createdDate" : ISODate("2012-10-04T02:59:33.783Z") } - { "count" : 1.0 } - 1 - 10/4/2012 9:59:33 AM
{ "createdDate" : ISODate("2012-10-04T02:59:33.892Z") } - { "count" : 1.0 } - 1 - 10/4/2012 9:59:33 AM
{ "createdDate" : ISODate("2012-10-04T02:59:34.002Z") } - { "count" : 1.0 } - 1 - 10/4/2012 9:59:34 AM
{ "createdDate" : ISODate("2012-10-04T02:59:34.142Z") } - { "count" : 1.0 } - 1 - 10/4/2012 9:59:34 AM
{ "createdDate" : ISODate("2012-10-04T02:59:34.252Z") } - { "count" : 1.0 } - 1 - 10/4/2012 9:59:34 AM
{ "createdDate" : ISODate("2012-10-04T02:59:34.377Z") } - { "count" : 1.0 } - 1 - 10/4/2012 9:59:34 AM
{ "createdDate" : ISODate("2012-10-04T02:59:34.642Z") } - { "count" : 1.0 } - 1 - 10/4/2012 9:59:34 AM
{ "createdDate" : ISODate("2012-10-04T02:59:34.814Z") } - { "count" : 1.0 } - 1 - 10/4/2012 9:59:34 AM
{ "createdDate" : ISODate("2012-10-04T02:59:34.986Z") } - { "count" : 1.0 } - 1 - 10/4/2012 9:59:34 AM
{ "createdDate" : ISODate("2012-10-04T02:59:37.908Z") } - { "count" : 1.0 } - 1 - 10/4/2012 9:59:37 AM
{ "createdDate" : ISODate("2012-10-04T02:59:38.033Z") } - { "count" : 1.0 } - 1 - 10/4/2012 9:59:38 AM
{ "createdDate" : ISODate("2012-10-04T02:59:38.111Z") } - { "count" : 1.0 } - 1 - 10/4/2012 9:59:38 AM
{ "createdDate" : ISODate("2012-10-04T02:59:38.205Z") } - { "count" : 1.0 } - 1 - 10/4/2012 9:59:38 AM
{ "createdDate" : ISODate("2012-10-04T02:59:38.283Z") } - { "count" : 1.0 } - 1 - 10/4/2012 9:59:38 AM
{ "createdDate" : ISODate("2012-10-04T02:59:38.392Z") } - { "count" : 1.0 } - 1 - 10/4/2012 9:59:38 AM
{ "createdDate" : ISODate("2012-10-04T02:59:38.486Z") } - { "count" : 1.0 } - 1 - 10/4/2012 9:59:38 AM
{ "createdDate" : ISODate("2012-10-04T02:59:38.564Z") } - { "count" : 1.0 } - 1 - 10/4/2012 9:59:38 AM
{ "createdDate" : ISODate("2012-10-04T02:59:38.642Z") } - { "count" : 1.0 } - 1 - 10/4/2012 9:59:38 AM
{ "createdDate" : ISODate("2012-10-04T02:59:38.705Z") } - { "count" : 1.0 } - 1 - 10/4/2012 9:59:38 AM
{ "createdDate" : ISODate("2012-10-04T02:59:38.767Z") } - { "count" : 1.0 } - 1 - 10/4/2012 9:59:38 AM
{ "createdDate" : ISODate("2012-10-04T02:59:39.517Z") } - { "count" : 1.0 } - 1 - 10/4/2012 9:59:39 AM
{ "createdDate" : ISODate("2012-10-04T02:59:39.642Z") } - { "count" : 1.0 } - 1 - 10/4/2012 9:59:39 AM
{ "createdDate" : ISODate("2012-10-04T02:59:39.767Z") } - { "count" : 1.0 } - 1 - 10/4/2012 9:59:39 AM
{ "createdDate" : ISODate("2012-10-04T02:59:39.97Z") } - { "count" : 1.0 } - 1 - 10/4/2012 9:59:39 AM
{ "createdDate" : ISODate("2012-10-04T02:59:40.064Z") } - { "count" : 1.0 } - 1 - 10/4/2012 9:59:40 AM
{ "createdDate" : ISODate("2012-10-04T02:59:40.299Z") } - { "count" : 1.0 } - 1 - 10/4/2012 9:59:40 AM
{ "createdDate" : ISODate("2012-10-04T02:59:40.424Z") } - { "count" : 1.0 } - 1 - 10/4/2012 9:59:40 AM
{ "createdDate" : ISODate("2012-10-04T02:59:40.611Z") } - { "count" : 1.0 } - 1 - 10/4/2012 9:59:40 AM
{ "createdDate" : ISODate("2012-10-04T02:59:40.674Z") } - { "count" : 1.0 } - 1 - 10/4/2012 9:59:40 AM
{ "createdDate" : ISODate("2012-10-04T02:59:41.002Z") } - { "count" : 1.0 } - 1 - 10/4/2012 9:59:41 AM
{ "createdDate" : ISODate("2012-10-04T02:59:41.064Z") } - { "count" : 1.0 } - 1 - 10/4/2012 9:59:41 AM
{ "createdDate" : ISODate("2012-10-04T02:59:42.33Z") } - { "count" : 1.0 } - 1 - 10/4/2012 9:59:42 AM
{ "createdDate" : ISODate("2012-10-04T02:59:42.439Z") } - { "count" : 1.0 } - 1 - 10/4/2012 9:59:42 AM
{ "createdDate" : ISODate("2012-10-04T02:59:42.486Z") } - { "count" : 1.0 } - 1 - 10/4/2012 9:59:42 AM
{ "createdDate" : ISODate("2012-10-04T02:59:42.533Z") } - { "count" : 1.0 } - 1 - 10/4/2012 9:59:42 AM
{ "createdDate" : ISODate("2012-10-04T02:59:42.595Z") } - { "count" : 1.0 } - 1 - 10/4/2012 9:59:42 AM
{ "createdDate" : ISODate("2012-10-04T02:59:42.658Z") } - { "count" : 1.0 } - 1 - 10/4/2012 9:59:42 AM
{ "createdDate" : ISODate("2012-10-04T02:59:42.72Z") } - { "count" : 1.0 } - 1 - 10/4/2012 9:59:42 AM
{ "createdDate" : ISODate("2012-10-04T02:59:42.783Z") } - { "count" : 1.0 } - 1 - 10/4/2012 9:59:42 AM
{ "createdDate" : ISODate("2012-10-04T02:59:42.845Z") } - { "count" : 1.0 } - 1 - 10/4/2012 9:59:42 AM
{ "createdDate" : ISODate("2012-10-04T02:59:42.892Z") } - { "count" : 1.0 } - 1 - 10/4/2012 9:59:42 AM
{ "createdDate" : ISODate("2012-10-04T02:59:42.955Z") } - { "count" : 1.0 } - 1 - 10/4/2012 9:59:42 AM
{ "createdDate" : ISODate("2012-10-04T02:59:45.377Z") } - { "count" : 1.0 } - 1 - 10/4/2012 9:59:45 AM
{ "createdDate" : ISODate("2012-10-04T02:59:45.642Z") } - { "count" : 1.0 } - 1 - 10/4/2012 9:59:45 AM
{ "createdDate" : ISODate("2012-10-04T02:59:45.814Z") } - { "count" : 1.0 } - 1 - 10/4/2012 9:59:45 AM
{ "createdDate" : ISODate("2012-10-04T02:59:45.892Z") } - { "count" : 1.0 } - 1 - 10/4/2012 9:59:45 AM
{ "createdDate" : ISODate("2012-10-04T02:59:46.049Z") } - { "count" : 1.0 } - 1 - 10/4/2012 9:59:46 AM
{ "createdDate" : ISODate("2012-10-04T02:59:46.127Z") } - { "count" : 1.0 } - 1 - 10/4/2012 9:59:46 AM
{ "createdDate" : ISODate("2012-10-04T02:59:46.189Z") } - { "count" : 1.0 } - 1 - 10/4/2012 9:59:46 AM
{ "createdDate" : ISODate("2012-10-04T02:59:46.252Z") } - { "count" : 1.0 } - 1 - 10/4/2012 9:59:46 AM
{ "createdDate" : ISODate("2012-10-04T02:59:46.314Z") } - { "count" : 1.0 } - 1 - 10/4/2012 9:59:46 AM
{ "createdDate" : ISODate("2012-10-04T02:59:46.361Z") } - { "count" : 1.0 } - 1 - 10/4/2012 9:59:46 AM
{ "createdDate" : ISODate("2012-10-04T02:59:46.439Z") } - { "count" : 1.0 } - 1 - 10/4/2012 9:59:46 AM
{ "createdDate" : ISODate("2012-10-04T02:59:49.345Z") } - { "count" : 1.0 } - 1 - 10/4/2012 9:59:49 AM
{ "createdDate" : ISODate("2012-10-04T02:59:49.424Z") } - { "count" : 1.0 } - 1 - 10/4/2012 9:59:49 AM
{ "createdDate" : ISODate("2012-10-04T02:59:49.486Z") } - { "count" : 1.0 } - 1 - 10/4/2012 9:59:49 AM
{ "createdDate" : ISODate("2012-10-04T02:59:49.549Z") } - { "count" : 1.0 } - 1 - 10/4/2012 9:59:49 AM
{ "createdDate" : ISODate("2012-10-04T02:59:49.611Z") } - { "count" : 1.0 } - 1 - 10/4/2012 9:59:49 AM
{ "createdDate" : ISODate("2012-10-04T02:59:49.658Z") } - { "count" : 1.0 } - 1 - 10/4/2012 9:59:49 AM
{ "createdDate" : ISODate("2012-10-04T02:59:49.72Z") } - { "count" : 1.0 } - 1 - 10/4/2012 9:59:49 AM
{ "createdDate" : ISODate("2012-10-04T02:59:49.767Z") } - { "count" : 1.0 } - 1 - 10/4/2012 9:59:49 AM
{ "createdDate" : ISODate("2012-10-04T02:59:49.83Z") } - { "count" : 1.0 } - 1 - 10/4/2012 9:59:49 AM
{ "createdDate" : ISODate("2012-10-04T02:59:49.892Z") } - { "count" : 1.0 } - 1 - 10/4/2012 9:59:49 AM
{ "createdDate" : ISODate("2012-10-04T02:59:49.955Z") } - { "count" : 1.0 } - 1 - 10/4/2012 9:59:49 AM
{ "createdDate" : ISODate("2012-10-04T02:59:53.83Z") } - { "count" : 1.0 } - 1 - 10/4/2012 9:59:53 AM
{ "createdDate" : ISODate("2012-10-04T02:59:53.892Z") } - { "count" : 1.0 } - 1 - 10/4/2012 9:59:53 AM
{ "createdDate" : ISODate("2012-10-04T02:59:53.939Z") } - { "count" : 1.0 } - 1 - 10/4/2012 9:59:53 AM
{ "createdDate" : ISODate("2012-10-04T02:59:54.002Z") } - { "count" : 1.0 } - 1 - 10/4/2012 9:59:54 AM
{ "createdDate" : ISODate("2012-10-04T02:59:54.064Z") } - { "count" : 1.0 } - 1 - 10/4/2012 9:59:54 AM
{ "createdDate" : ISODate("2012-10-04T02:59:54.174Z") } - { "count" : 1.0 } - 1 - 10/4/2012 9:59:54 AM
{ "createdDate" : ISODate("2012-10-04T02:59:54.283Z") } - { "count" : 1.0 } - 1 - 10/4/2012 9:59:54 AM
{ "createdDate" : ISODate("2012-10-04T02:59:54.549Z") } - { "count" : 1.0 } - 1 - 10/4/2012 9:59:54 AM
{ "createdDate" : ISODate("2012-10-04T02:59:54.627Z") } - { "count" : 1.0 } - 1 - 10/4/2012 9:59:54 AM
{ "createdDate" : ISODate("2012-10-04T02:59:54.861Z") } - { "count" : 1.0 } - 1 - 10/4/2012 9:59:54 AM
{ "createdDate" : ISODate("2012-10-04T02:59:55.08Z") } - { "count" : 1.0 } - 1 - 10/4/2012 9:59:55 AM
{ "createdDate" : ISODate("2012-10-04T02:59:57.345Z") } - { "count" : 1.0 } - 1 - 10/4/2012 9:59:57 AM
{ "createdDate" : ISODate("2012-10-04T02:59:57.408Z") } - { "count" : 1.0 } - 1 - 10/4/2012 9:59:57 AM
{ "createdDate" : ISODate("2012-10-04T02:59:57.486Z") } - { "count" : 1.0 } - 1 - 10/4/2012 9:59:57 AM
{ "createdDate" : ISODate("2012-10-04T02:59:57.564Z") } - { "count" : 1.0 } - 1 - 10/4/2012 9:59:57 AM
{ "createdDate" : ISODate("2012-10-04T02:59:57.627Z") } - { "count" : 1.0 } - 1 - 10/4/2012 9:59:57 AM
{ "createdDate" : ISODate("2012-10-04T02:59:57.689Z") } - { "count" : 1.0 } - 1 - 10/4/2012 9:59:57 AM
{ "createdDate" : ISODate("2012-10-04T02:59:57.752Z") } - { "count" : 1.0 } - 1 - 10/4/2012 9:59:57 AM
{ "createdDate" : ISODate("2012-10-04T02:59:57.814Z") } - { "count" : 1.0 } - 1 - 10/4/2012 9:59:57 AM
{ "createdDate" : ISODate("2012-10-04T02:59:57.892Z") } - { "count" : 1.0 } - 1 - 10/4/2012 9:59:57 AM
{ "createdDate" : ISODate("2012-10-04T02:59:57.955Z") } - { "count" : 1.0 } - 1 - 10/4/2012 9:59:57 AM
{ "createdDate" : ISODate("2012-10-04T02:59:58.002Z") } - { "count" : 1.0 } - 1 - 10/4/2012 9:59:58 AM
{ "createdDate" : ISODate("2012-10-04T03:00:02.361Z") } - { "count" : 1.0 } - 1 - 10/4/2012 10:00:02 AM
{ "createdDate" : ISODate("2012-10-04T03:00:02.408Z") } - { "count" : 1.0 } - 1 - 10/4/2012 10:00:02 AM
{ "createdDate" : ISODate("2012-10-04T03:00:02.486Z") } - { "count" : 1.0 } - 1 - 10/4/2012 10:00:02 AM
{ "createdDate" : ISODate("2012-10-04T03:00:02.58Z") } - { "count" : 1.0 } - 1 - 10/4/2012 10:00:02 AM
{ "createdDate" : ISODate("2012-10-04T03:00:02.83Z") } - { "count" : 1.0 } - 1 - 10/4/2012 10:00:02 AM
{ "createdDate" : ISODate("2012-10-04T03:00:02.924Z") } - { "count" : 1.0 } - 1 - 10/4/2012 10:00:02 AM
{ "createdDate" : ISODate("2012-10-04T03:00:03.017Z") } - { "count" : 1.0 } - 1 - 10/4/2012 10:00:03 AM
{ "createdDate" : ISODate("2012-10-04T03:00:03.127Z") } - { "count" : 1.0 } - 1 - 10/4/2012 10:00:03 AM
{ "createdDate" : ISODate("2012-10-04T03:00:03.22Z") } - { "count" : 1.0 } - 1 - 10/4/2012 10:00:03 AM
{ "createdDate" : ISODate("2012-10-04T03:00:03.314Z") } - { "count" : 1.0 } - 1 - 10/4/2012 10:00:03 AM
{ "createdDate" : ISODate("2012-10-04T03:00:03.455Z") } - { "count" : 1.0 } - 1 - 10/4/2012 10:00:03 AM
{ "createdDate" : ISODate("2012-10-04T03:00:07.033Z") } - { "count" : 1.0 } - 1 - 10/4/2012 10:00:07 AM
{ "createdDate" : ISODate("2012-10-04T03:00:07.111Z") } - { "count" : 1.0 } - 1 - 10/4/2012 10:00:07 AM
{ "createdDate" : ISODate("2012-10-04T03:00:07.158Z") } - { "count" : 1.0 } - 1 - 10/4/2012 10:00:07 AM
{ "createdDate" : ISODate("2012-10-04T03:00:07.22Z") } - { "count" : 1.0 } - 1 - 10/4/2012 10:00:07 AM
{ "createdDate" : ISODate("2012-10-04T03:00:07.283Z") } - { "count" : 1.0 } - 1 - 10/4/2012 10:00:07 AM
{ "createdDate" : ISODate("2012-10-04T03:00:07.345Z") } - { "count" : 1.0 } - 1 - 10/4/2012 10:00:07 AM
{ "createdDate" : ISODate("2012-10-04T03:00:07.392Z") } - { "count" : 1.0 } - 1 - 10/4/2012 10:00:07 AM
{ "createdDate" : ISODate("2012-10-04T03:00:07.424Z") } - { "count" : 1.0 } - 1 - 10/4/2012 10:00:07 AM
{ "createdDate" : ISODate("2012-10-04T03:00:07.486Z") } - { "count" : 1.0 } - 1 - 10/4/2012 10:00:07 AM
{ "createdDate" : ISODate("2012-10-04T03:00:07.533Z") } - { "count" : 1.0 } - 1 - 10/4/2012 10:00:07 AM
{ "createdDate" : ISODate("2012-10-04T03:00:07.58Z") } - { "count" : 1.0 } - 1 - 10/4/2012 10:00:07 AM
{ "createdDate" : ISODate("2012-10-04T03:00:09.877Z") } - { "count" : 1.0 } - 1 - 10/4/2012 10:00:09 AM
{ "createdDate" : ISODate("2012-10-04T03:00:10.017Z") } - { "count" : 1.0 } - 1 - 10/4/2012 10:00:10 AM
{ "createdDate" : ISODate("2012-10-04T03:00:10.064Z") } - { "count" : 1.0 } - 1 - 10/4/2012 10:00:10 AM
{ "createdDate" : ISODate("2012-10-04T03:00:10.127Z") } - { "count" : 1.0 } - 1 - 10/4/2012 10:00:10 AM
{ "createdDate" : ISODate("2012-10-04T03:00:10.283Z") } - { "count" : 1.0 } - 1 - 10/4/2012 10:00:10 AM
{ "createdDate" : ISODate("2012-10-04T03:00:10.345Z") } - { "count" : 1.0 } - 1 - 10/4/2012 10:00:10 AM
{ "createdDate" : ISODate("2012-10-04T03:00:10.392Z") } - { "count" : 1.0 } - 1 - 10/4/2012 10:00:10 AM
{ "createdDate" : ISODate("2012-10-04T03:00:10.439Z") } - { "count" : 1.0 } - 1 - 10/4/2012 10:00:10 AM
{ "createdDate" : ISODate("2012-10-04T03:00:10.502Z") } - { "count" : 1.0 } - 1 - 10/4/2012 10:00:10 AM
{ "createdDate" : ISODate("2012-10-04T03:00:10.549Z") } - { "count" : 1.0 } - 1 - 10/4/2012 10:00:10 AM
{ "createdDate" : ISODate("2012-10-04T03:00:10.627Z") } - { "count" : 1.0 } - 1 - 10/4/2012 10:00:10 AM
{ "createdDate" : ISODate("2012-10-04T03:00:13.861Z") } - { "count" : 1.0 } - 1 - 10/4/2012 10:00:13 AM
{ "createdDate" : ISODate("2012-10-04T03:00:13.908Z") } - { "count" : 1.0 } - 1 - 10/4/2012 10:00:13 AM
{ "createdDate" : ISODate("2012-10-04T03:00:13.97Z") } - { "count" : 1.0 } - 1 - 10/4/2012 10:00:13 AM
{ "createdDate" : ISODate("2012-10-04T03:00:14.033Z") } - { "count" : 1.0 } - 1 - 10/4/2012 10:00:14 AM
{ "createdDate" : ISODate("2012-10-04T03:00:14.08Z") } - { "count" : 1.0 } - 1 - 10/4/2012 10:00:14 AM
{ "createdDate" : ISODate("2012-10-04T03:00:14.142Z") } - { "count" : 1.0 } - 1 - 10/4/2012 10:00:14 AM
{ "createdDate" : ISODate("2012-10-04T03:00:14.189Z") } - { "count" : 1.0 } - 1 - 10/4/2012 10:00:14 AM
{ "createdDate" : ISODate("2012-10-04T03:00:14.236Z") } - { "count" : 1.0 } - 1 - 10/4/2012 10:00:14 AM
{ "createdDate" : ISODate("2012-10-04T03:00:14.283Z") } - { "count" : 1.0 } - 1 - 10/4/2012 10:00:14 AM
{ "createdDate" : ISODate("2012-10-04T03:00:14.33Z") } - { "count" : 1.0 } - 1 - 10/4/2012 10:00:14 AM
{ "createdDate" : ISODate("2012-10-04T03:00:14.377Z") } - { "count" : 1.0 } - 1 - 10/4/2012 10:00:14 AM
{ "createdDate" : ISODate("2012-10-04T03:00:19.111Z") } - { "count" : 1.0 } - 1 - 10/4/2012 10:00:19 AM
{ "createdDate" : ISODate("2012-10-04T03:00:19.174Z") } - { "count" : 1.0 } - 1 - 10/4/2012 10:00:19 AM
{ "createdDate" : ISODate("2012-10-04T03:00:19.236Z") } - { "count" : 1.0 } - 1 - 10/4/2012 10:00:19 AM
{ "createdDate" : ISODate("2012-10-04T03:00:19.299Z") } - { "count" : 1.0 } - 1 - 10/4/2012 10:00:19 AM
{ "createdDate" : ISODate("2012-10-04T03:00:19.361Z") } - { "count" : 1.0 } - 1 - 10/4/2012 10:00:19 AM
{ "createdDate" : ISODate("2012-10-04T03:00:19.424Z") } - { "count" : 1.0 } - 1 - 10/4/2012 10:00:19 AM
{ "createdDate" : ISODate("2012-10-04T03:00:19.486Z") } - { "count" : 1.0 } - 1 - 10/4/2012 10:00:19 AM
{ "createdDate" : ISODate("2012-10-04T03:00:19.549Z") } - { "count" : 1.0 } - 1 - 10/4/2012 10:00:19 AM
{ "createdDate" : ISODate("2012-10-04T03:00:19.595Z") } - { "count" : 1.0 } - 1 - 10/4/2012 10:00:19 AM
{ "createdDate" : ISODate("2012-10-04T03:00:19.658Z") } - { "count" : 1.0 } - 1 - 10/4/2012 10:00:19 AM
{ "createdDate" : ISODate("2012-10-04T03:00:19.705Z") } - { "count" : 1.0 } - 1 - 10/4/2012 10:00:19 AM
{ "createdDate" : ISODate("2012-10-04T03:00:21.845Z") } - { "count" : 1.0 } - 1 - 10/4/2012 10:00:21 AM
{ "createdDate" : ISODate("2012-10-04T03:00:21.924Z") } - { "count" : 1.0 } - 1 - 10/4/2012 10:00:21 AM
{ "createdDate" : ISODate("2012-10-04T03:00:21.97Z") } - { "count" : 1.0 } - 1 - 10/4/2012 10:00:21 AM
{ "createdDate" : ISODate("2012-10-04T03:00:22.017Z") } - { "count" : 1.0 } - 1 - 10/4/2012 10:00:22 AM
{ "createdDate" : ISODate("2012-10-04T03:00:22.08Z") } - { "count" : 1.0 } - 1 - 10/4/2012 10:00:22 AM
{ "createdDate" : ISODate("2012-10-04T03:00:22.127Z") } - { "count" : 1.0 } - 1 - 10/4/2012 10:00:22 AM
{ "createdDate" : ISODate("2012-10-04T03:00:22.174Z") } - { "count" : 1.0 } - 1 - 10/4/2012 10:00:22 AM
{ "createdDate" : ISODate("2012-10-04T03:00:22.22Z") } - { "count" : 1.0 } - 1 - 10/4/2012 10:00:22 AM
{ "createdDate" : ISODate("2012-10-04T03:00:22.267Z") } - { "count" : 1.0 } - 1 - 10/4/2012 10:00:22 AM
{ "createdDate" : ISODate("2012-10-04T03:00:22.314Z") } - { "count" : 1.0 } - 1 - 10/4/2012 10:00:22 AM
{ "createdDate" : ISODate("2012-10-04T03:00:22.361Z") } - { "count" : 1.0 } - 1 - 10/4/2012 10:00:22 AM
{ "createdDate" : ISODate("2012-10-04T03:00:25.845Z") } - { "count" : 1.0 } - 1 - 10/4/2012 10:00:25 AM
{ "createdDate" : ISODate("2012-10-04T03:00:25.908Z") } - { "count" : 1.0 } - 1 - 10/4/2012 10:00:25 AM
{ "createdDate" : ISODate("2012-10-04T03:00:25.97Z") } - { "count" : 1.0 } - 1 - 10/4/2012 10:00:25 AM
{ "createdDate" : ISODate("2012-10-04T03:00:26.017Z") } - { "count" : 1.0 } - 1 - 10/4/2012 10:00:26 AM
{ "createdDate" : ISODate("2012-10-04T03:00:26.064Z") } - { "count" : 1.0 } - 1 - 10/4/2012 10:00:26 AM
{ "createdDate" : ISODate("2012-10-04T03:00:26.127Z") } - { "count" : 1.0 } - 1 - 10/4/2012 10:00:26 AM
{ "createdDate" : ISODate("2012-10-04T03:00:26.189Z") } - { "count" : 1.0 } - 1 - 10/4/2012 10:00:26 AM
{ "createdDate" : ISODate("2012-10-04T03:00:26.252Z") } - { "count" : 1.0 } - 1 - 10/4/2012 10:00:26 AM
{ "createdDate" : ISODate("2012-10-04T03:00:26.314Z") } - { "count" : 1.0 } - 1 - 10/4/2012 10:00:26 AM
{ "createdDate" : ISODate("2012-10-04T03:00:26.377Z") } - { "count" : 1.0 } - 1 - 10/4/2012 10:00:26 AM
{ "createdDate" : ISODate("2012-10-04T03:00:26.439Z") } - { "count" : 1.0 } - 1 - 10/4/2012 10:00:26 AM
{ "createdDate" : ISODate("2012-10-04T03:00:29.845Z") } - { "count" : 1.0 } - 1 - 10/4/2012 10:00:29 AM
{ "createdDate" : ISODate("2012-10-04T03:00:29.924Z") } - { "count" : 1.0 } - 1 - 10/4/2012 10:00:29 AM
{ "createdDate" : ISODate("2012-10-04T03:00:29.986Z") } - { "count" : 1.0 } - 1 - 10/4/2012 10:00:29 AM
{ "createdDate" : ISODate("2012-10-04T03:00:30.049Z") } - { "count" : 1.0 } - 1 - 10/4/2012 10:00:30 AM
{ "createdDate" : ISODate("2012-10-04T03:00:30.111Z") } - { "count" : 1.0 } - 1 - 10/4/2012 10:00:30 AM
{ "createdDate" : ISODate("2012-10-04T03:00:30.158Z") } - { "count" : 1.0 } - 1 - 10/4/2012 10:00:30 AM
{ "createdDate" : ISODate("2012-10-04T03:00:30.22Z") } - { "count" : 1.0 } - 1 - 10/4/2012 10:00:30 AM
{ "createdDate" : ISODate("2012-10-04T03:00:30.299Z") } - { "count" : 1.0 } - 1 - 10/4/2012 10:00:30 AM
{ "createdDate" : ISODate("2012-10-04T03:00:30.361Z") } - { "count" : 1.0 } - 1 - 10/4/2012 10:00:30 AM
{ "createdDate" : ISODate("2012-10-04T03:00:30.408Z") } - { "count" : 1.0 } - 1 - 10/4/2012 10:00:30 AM
{ "createdDate" : ISODate("2012-10-04T03:00:30.47Z") } - { "count" : 1.0 } - 1 - 10/4/2012 10:00:30 AM
{ "createdDate" : ISODate("2012-10-04T03:00:33.345Z") } - { "count" : 1.0 } - 1 - 10/4/2012 10:00:33 AM
{ "createdDate" : ISODate("2012-10-04T03:00:33.408Z") } - { "count" : 1.0 } - 1 - 10/4/2012 10:00:33 AM
{ "createdDate" : ISODate("2012-10-04T03:00:33.47Z") } - { "count" : 1.0 } - 1 - 10/4/2012 10:00:33 AM
{ "createdDate" : ISODate("2012-10-04T03:00:33.533Z") } - { "count" : 1.0 } - 1 - 10/4/2012 10:00:33 AM
{ "createdDate" : ISODate("2012-10-04T03:00:33.595Z") } - { "count" : 1.0 } - 1 - 10/4/2012 10:00:33 AM
{ "createdDate" : ISODate("2012-10-04T03:00:33.642Z") } - { "count" : 1.0 } - 1 - 10/4/2012 10:00:33 AM
{ "createdDate" : ISODate("2012-10-04T03:00:33.705Z") } - { "count" : 1.0 } - 1 - 10/4/2012 10:00:33 AM
{ "createdDate" : ISODate("2012-10-04T03:00:33.752Z") } - { "count" : 1.0 } - 1 - 10/4/2012 10:00:33 AM
{ "createdDate" : ISODate("2012-10-04T03:00:33.799Z") } - { "count" : 1.0 } - 1 - 10/4/2012 10:00:33 AM
{ "createdDate" : ISODate("2012-10-04T03:00:33.845Z") } - { "count" : 1.0 } - 1 - 10/4/2012 10:00:33 AM
{ "createdDate" : ISODate("2012-10-04T03:00:33.908Z") } - { "count" : 1.0 } - 1 - 10/4/2012 10:00:33 AM
{ "createdDate" : ISODate("2012-10-04T03:00:38.502Z") } - { "count" : 1.0 } - 1 - 10/4/2012 10:00:38 AM
{ "createdDate" : ISODate("2012-10-04T03:00:38.564Z") } - { "count" : 1.0 } - 1 - 10/4/2012 10:00:38 AM
{ "createdDate" : ISODate("2012-10-04T03:00:38.627Z") } - { "count" : 1.0 } - 1 - 10/4/2012 10:00:38 AM
{ "createdDate" : ISODate("2012-10-04T03:00:38.689Z") } - { "count" : 1.0 } - 1 - 10/4/2012 10:00:38 AM
{ "createdDate" : ISODate("2012-10-04T03:00:38.736Z") } - { "count" : 1.0 } - 1 - 10/4/2012 10:00:38 AM
{ "createdDate" : ISODate("2012-10-04T03:00:38.799Z") } - { "count" : 1.0 } - 1 - 10/4/2012 10:00:38 AM
{ "createdDate" : ISODate("2012-10-04T03:00:38.861Z") } - { "count" : 1.0 } - 1 - 10/4/2012 10:00:38 AM
{ "createdDate" : ISODate("2012-10-04T03:00:38.924Z") } - { "count" : 1.0 } - 1 - 10/4/2012 10:00:38 AM
{ "createdDate" : ISODate("2012-10-04T03:00:38.986Z") } - { "count" : 1.0 } - 1 - 10/4/2012 10:00:38 AM
{ "createdDate" : ISODate("2012-10-04T03:00:39.049Z") } - { "count" : 1.0 } - 1 - 10/4/2012 10:00:39 AM
{ "createdDate" : ISODate("2012-10-04T03:00:39.111Z") } - { "count" : 1.0 } - 1 - 10/4/2012 10:00:39 AM
{ "createdDate" : ISODate("2012-10-04T03:00:42.502Z") } - { "count" : 1.0 } - 1 - 10/4/2012 10:00:42 AM
{ "createdDate" : ISODate("2012-10-04T03:00:42.549Z") } - { "count" : 1.0 } - 1 - 10/4/2012 10:00:42 AM
{ "createdDate" : ISODate("2012-10-04T03:00:42.595Z") } - { "count" : 1.0 } - 1 - 10/4/2012 10:00:42 AM
{ "createdDate" : ISODate("2012-10-04T03:00:42.658Z") } - { "count" : 1.0 } - 1 - 10/4/2012 10:00:42 AM
{ "createdDate" : ISODate("2012-10-04T03:00:42.705Z") } - { "count" : 1.0 } - 1 - 10/4/2012 10:00:42 AM
{ "createdDate" : ISODate("2012-10-04T03:00:42.767Z") } - { "count" : 1.0 } - 1 - 10/4/2012 10:00:42 AM
{ "createdDate" : ISODate("2012-10-04T03:00:42.83Z") } - { "count" : 1.0 } - 1 - 10/4/2012 10:00:42 AM
{ "createdDate" : ISODate("2012-10-04T03:00:42.892Z") } - { "count" : 1.0 } - 1 - 10/4/2012 10:00:42 AM
{ "createdDate" : ISODate("2012-10-04T03:00:42.955Z") } - { "count" : 1.0 } - 1 - 10/4/2012 10:00:42 AM
{ "createdDate" : ISODate("2012-10-04T03:00:43.142Z") } - { "count" : 1.0 } - 1 - 10/4/2012 10:00:43 AM
{ "createdDate" : ISODate("2012-10-04T03:00:43.205Z") } - { "count" : 1.0 } - 1 - 10/4/2012 10:00:43 AM
{ "createdDate" : ISODate("2012-10-04T03:00:46.017Z") } - { "count" : 1.0 } - 1 - 10/4/2012 10:00:46 AM
{ "createdDate" : ISODate("2012-10-04T03:00:46.095Z") } - { "count" : 1.0 } - 1 - 10/4/2012 10:00:46 AM
{ "createdDate" : ISODate("2012-10-04T03:00:46.158Z") } - { "count" : 1.0 } - 1 - 10/4/2012 10:00:46 AM
{ "createdDate" : ISODate("2012-10-04T03:00:46.22Z") } - { "count" : 1.0 } - 1 - 10/4/2012 10:00:46 AM
{ "createdDate" : ISODate("2012-10-04T03:00:46.283Z") } - { "count" : 1.0 } - 1 - 10/4/2012 10:00:46 AM
{ "createdDate" : ISODate("2012-10-04T03:00:46.345Z") } - { "count" : 1.0 } - 1 - 10/4/2012 10:00:46 AM
{ "createdDate" : ISODate("2012-10-04T03:00:46.392Z") } - { "count" : 1.0 } - 1 - 10/4/2012 10:00:46 AM
{ "createdDate" : ISODate("2012-10-04T03:00:46.455Z") } - { "count" : 1.0 } - 1 - 10/4/2012 10:00:46 AM
{ "createdDate" : ISODate("2012-10-04T03:00:46.517Z") } - { "count" : 1.0 } - 1 - 10/4/2012 10:00:46 AM
{ "createdDate" : ISODate("2012-10-04T03:00:46.58Z") } - { "count" : 1.0 } - 1 - 10/4/2012 10:00:46 AM
{ "createdDate" : ISODate("2012-10-04T03:00:46.658Z") } - { "count" : 1.0 } - 1 - 10/4/2012 10:00:46 AM
{ "createdDate" : ISODate("2012-10-04T03:00:49.705Z") } - { "count" : 1.0 } - 1 - 10/4/2012 10:00:49 AM
{ "createdDate" : ISODate("2012-10-04T03:00:49.767Z") } - { "count" : 1.0 } - 1 - 10/4/2012 10:00:49 AM
{ "createdDate" : ISODate("2012-10-04T03:00:49.814Z") } - { "count" : 1.0 } - 1 - 10/4/2012 10:00:49 AM
{ "createdDate" : ISODate("2012-10-04T03:00:49.877Z") } - { "count" : 1.0 } - 1 - 10/4/2012 10:00:49 AM
{ "createdDate" : ISODate("2012-10-04T03:00:49.955Z") } - { "count" : 1.0 } - 1 - 10/4/2012 10:00:49 AM
{ "createdDate" : ISODate("2012-10-04T03:00:50.017Z") } - { "count" : 1.0 } - 1 - 10/4/2012 10:00:50 AM
{ "createdDate" : ISODate("2012-10-04T03:00:50.095Z") } - { "count" : 1.0 } - 1 - 10/4/2012 10:00:50 AM
{ "createdDate" : ISODate("2012-10-04T03:00:50.142Z") } - { "count" : 1.0 } - 1 - 10/4/2012 10:00:50 AM
{ "createdDate" : ISODate("2012-10-04T03:00:50.299Z") } - { "count" : 1.0 } - 1 - 10/4/2012 10:00:50 AM
{ "createdDate" : ISODate("2012-10-04T03:00:50.345Z") } - { "count" : 1.0 } - 1 - 10/4/2012 10:00:50 AM
{ "createdDate" : ISODate("2012-10-04T03:00:50.408Z") } - { "count" : 1.0 } - 1 - 10/4/2012 10:00:50 AM
{ "createdDate" : ISODate("2012-10-04T03:00:53.345Z") } - { "count" : 1.0 } - 1 - 10/4/2012 10:00:53 AM
{ "createdDate" : ISODate("2012-10-04T03:00:53.439Z") } - { "count" : 1.0 } - 1 - 10/4/2012 10:00:53 AM
{ "createdDate" : ISODate("2012-10-04T03:00:53.517Z") } - { "count" : 1.0 } - 1 - 10/4/2012 10:00:53 AM
{ "createdDate" : ISODate("2012-10-04T03:00:53.627Z") } - { "count" : 1.0 } - 1 - 10/4/2012 10:00:53 AM
{ "createdDate" : ISODate("2012-10-04T03:00:53.814Z") } - { "count" : 1.0 } - 1 - 10/4/2012 10:00:53 AM
{ "createdDate" : ISODate("2012-10-04T03:00:54.095Z") } - { "count" : 1.0 } - 1 - 10/4/2012 10:00:54 AM
{ "createdDate" : ISODate("2012-10-04T03:00:54.158Z") } - { "count" : 1.0 } - 1 - 10/4/2012 10:00:54 AM
{ "createdDate" : ISODate("2012-10-04T03:00:54.33Z") } - { "count" : 1.0 } - 1 - 10/4/2012 10:00:54 AM
{ "createdDate" : ISODate("2012-10-04T03:00:54.392Z") } - { "count" : 1.0 } - 1 - 10/4/2012 10:00:54 AM
{ "createdDate" : ISODate("2012-10-04T03:00:54.455Z") } - { "count" : 1.0 } - 1 - 10/4/2012 10:00:54 AM
{ "createdDate" : ISODate("2012-10-04T03:00:54.517Z") } - { "count" : 1.0 } - 1 - 10/4/2012 10:00:54 AM
{ "createdDate" : ISODate("2012-10-04T03:08:26.502Z") } - { "count" : 1.0 } - 1 - 10/4/2012 10:08:26 AM
{ "createdDate" : ISODate("2012-10-04T03:08:26.564Z") } - { "count" : 1.0 } - 1 - 10/4/2012 10:08:26 AM
{ "createdDate" : ISODate("2012-10-04T03:08:26.611Z") } - { "count" : 1.0 } - 1 - 10/4/2012 10:08:26 AM
{ "createdDate" : ISODate("2012-10-04T03:08:26.674Z") } - { "count" : 1.0 } - 1 - 10/4/2012 10:08:26 AM
{ "createdDate" : ISODate("2012-10-04T03:08:26.736Z") } - { "count" : 1.0 } - 1 - 10/4/2012 10:08:26 AM
{ "createdDate" : ISODate("2012-10-04T03:08:26.783Z") } - { "count" : 1.0 } - 1 - 10/4/2012 10:08:26 AM
{ "createdDate" : ISODate("2012-10-04T03:08:26.845Z") } - { "count" : 1.0 } - 1 - 10/4/2012 10:08:26 AM
{ "createdDate" : ISODate("2012-10-04T03:08:26.908Z") } - { "count" : 1.0 } - 1 - 10/4/2012 10:08:26 AM
{ "createdDate" : ISODate("2012-10-04T03:08:26.97Z") } - { "count" : 1.0 } - 1 - 10/4/2012 10:08:26 AM
{ "createdDate" : ISODate("2012-10-04T03:08:27.033Z") } - { "count" : 1.0 } - 1 - 10/4/2012 10:08:27 AM
{ "createdDate" : ISODate("2012-10-04T03:08:27.095Z") } - { "count" : 1.0 } - 1 - 10/4/2012 10:08:27 AM
{ "createdDate" : ISODate("2012-10-04T03:08:46.674Z") } - { "count" : 1.0 } - 1 - 10/4/2012 10:08:46 AM
{ "createdDate" : ISODate("2012-10-04T03:08:46.736Z") } - { "count" : 1.0 } - 1 - 10/4/2012 10:08:46 AM
{ "createdDate" : ISODate("2012-10-04T03:08:46.783Z") } - { "count" : 1.0 } - 1 - 10/4/2012 10:08:46 AM
{ "createdDate" : ISODate("2012-10-04T03:08:46.845Z") } - { "count" : 1.0 } - 1 - 10/4/2012 10:08:46 AM
{ "createdDate" : ISODate("2012-10-04T03:08:46.924Z") } - { "count" : 1.0 } - 1 - 10/4/2012 10:08:46 AM
{ "createdDate" : ISODate("2012-10-04T03:08:46.97Z") } - { "count" : 1.0 } - 1 - 10/4/2012 10:08:46 AM
{ "createdDate" : ISODate("2012-10-04T03:08:47.033Z") } - { "count" : 1.0 } - 1 - 10/4/2012 10:08:47 AM
{ "createdDate" : ISODate("2012-10-04T03:08:47.095Z") } - { "count" : 1.0 } - 1 - 10/4/2012 10:08:47 AM
{ "createdDate" : ISODate("2012-10-04T03:08:47.158Z") } - { "count" : 1.0 } - 1 - 10/4/2012 10:08:47 AM
{ "createdDate" : ISODate("2012-10-04T03:08:47.22Z") } - { "count" : 1.0 } - 1 - 10/4/2012 10:08:47 AM
{ "createdDate" : ISODate("2012-10-04T03:08:47.267Z") } - { "count" : 1.0 } - 1 - 10/4/2012 10:08:47 AM
{ "createdDate" : ISODate("2012-10-04T03:08:50.689Z") } - { "count" : 1.0 } - 1 - 10/4/2012 10:08:50 AM
{ "createdDate" : ISODate("2012-10-04T03:08:50.783Z") } - { "count" : 1.0 } - 1 - 10/4/2012 10:08:50 AM
{ "createdDate" : ISODate("2012-10-04T03:08:50.892Z") } - { "count" : 1.0 } - 1 - 10/4/2012 10:08:50 AM
{ "createdDate" : ISODate("2012-10-04T03:08:50.97Z") } - { "count" : 1.0 } - 1 - 10/4/2012 10:08:50 AM
{ "createdDate" : ISODate("2012-10-04T03:08:51.033Z") } - { "count" : 1.0 } - 1 - 10/4/2012 10:08:51 AM
{ "createdDate" : ISODate("2012-10-04T03:08:51.111Z") } - { "count" : 1.0 } - 1 - 10/4/2012 10:08:51 AM
{ "createdDate" : ISODate("2012-10-04T03:08:51.174Z") } - { "count" : 1.0 } - 1 - 10/4/2012 10:08:51 AM
{ "createdDate" : ISODate("2012-10-04T03:08:51.252Z") } - { "count" : 1.0 } - 1 - 10/4/2012 10:08:51 AM
{ "createdDate" : ISODate("2012-10-04T03:08:51.33Z") } - { "count" : 1.0 } - 1 - 10/4/2012 10:08:51 AM
{ "createdDate" : ISODate("2012-10-04T03:08:51.392Z") } - { "count" : 1.0 } - 1 - 10/4/2012 10:08:51 AM
{ "createdDate" : ISODate("2012-10-04T03:08:51.517Z") } - { "count" : 1.0 } - 1 - 10/4/2012 10:08:51 AM
{ "createdDate" : ISODate("2012-10-04T03:08:54.767Z") } - { "count" : 1.0 } - 1 - 10/4/2012 10:08:54 AM
{ "createdDate" : ISODate("2012-10-04T03:08:54.877Z") } - { "count" : 1.0 } - 1 - 10/4/2012 10:08:54 AM
{ "createdDate" : ISODate("2012-10-04T03:08:55.033Z") } - { "count" : 1.0 } - 1 - 10/4/2012 10:08:55 AM
{ "createdDate" : ISODate("2012-10-04T03:08:55.142Z") } - { "count" : 1.0 } - 1 - 10/4/2012 10:08:55 AM
{ "createdDate" : ISODate("2012-10-04T03:08:55.299Z") } - { "count" : 1.0 } - 1 - 10/4/2012 10:08:55 AM
{ "createdDate" : ISODate("2012-10-04T03:08:55.549Z") } - { "count" : 1.0 } - 1 - 10/4/2012 10:08:55 AM
{ "createdDate" : ISODate("2012-10-04T03:08:55.752Z") } - { "count" : 1.0 } - 1 - 10/4/2012 10:08:55 AM
{ "createdDate" : ISODate("2012-10-04T03:08:55.814Z") } - { "count" : 1.0 } - 1 - 10/4/2012 10:08:55 AM
{ "createdDate" : ISODate("2012-10-04T03:08:55.97Z") } - { "count" : 1.0 } - 1 - 10/4/2012 10:08:55 AM
{ "createdDate" : ISODate("2012-10-04T03:08:56.064Z") } - { "count" : 1.0 } - 1 - 10/4/2012 10:08:56 AM
{ "createdDate" : ISODate("2012-10-04T03:08:56.205Z") } - { "count" : 1.0 } - 1 - 10/4/2012 10:08:56 AM
{ "createdDate" : ISODate("2012-10-04T03:08:58.674Z") } - { "count" : 1.0 } - 1 - 10/4/2012 10:08:58 AM
{ "createdDate" : ISODate("2012-10-04T03:08:58.736Z") } - { "count" : 1.0 } - 1 - 10/4/2012 10:08:58 AM
{ "createdDate" : ISODate("2012-10-04T03:08:58.799Z") } - { "count" : 1.0 } - 1 - 10/4/2012 10:08:58 AM
{ "createdDate" : ISODate("2012-10-04T03:08:58.861Z") } - { "count" : 1.0 } - 1 - 10/4/2012 10:08:58 AM
{ "createdDate" : ISODate("2012-10-04T03:08:58.924Z") } - { "count" : 1.0 } - 1 - 10/4/2012 10:08:58 AM
{ "createdDate" : ISODate("2012-10-04T03:08:59.017Z") } - { "count" : 1.0 } - 1 - 10/4/2012 10:08:59 AM
{ "createdDate" : ISODate("2012-10-04T03:08:59.08Z") } - { "count" : 1.0 } - 1 - 10/4/2012 10:08:59 AM
{ "createdDate" : ISODate("2012-10-04T03:08:59.283Z") } - { "count" : 1.0 } - 1 - 10/4/2012 10:08:59 AM
{ "createdDate" : ISODate("2012-10-04T03:08:59.345Z") } - { "count" : 1.0 } - 1 - 10/4/2012 10:08:59 AM
{ "createdDate" : ISODate("2012-10-04T03:08:59.533Z") } - { "count" : 1.0 } - 1 - 10/4/2012 10:08:59 AM
{ "createdDate" : ISODate("2012-10-04T03:08:59.595Z") } - { "count" : 1.0 } - 1 - 10/4/2012 10:08:59 AM
{ "createdDate" : ISODate("2012-10-04T03:09:02.674Z") } - { "count" : 1.0 } - 1 - 10/4/2012 10:09:02 AM
{ "createdDate" : ISODate("2012-10-04T03:09:02.736Z") } - { "count" : 1.0 } - 1 - 10/4/2012 10:09:02 AM
{ "createdDate" : ISODate("2012-10-04T03:09:02.799Z") } - { "count" : 1.0 } - 1 - 10/4/2012 10:09:02 AM
{ "createdDate" : ISODate("2012-10-04T03:09:02.861Z") } - { "count" : 1.0 } - 1 - 10/4/2012 10:09:02 AM
{ "createdDate" : ISODate("2012-10-04T03:09:02.908Z") } - { "count" : 1.0 } - 1 - 10/4/2012 10:09:02 AM
{ "createdDate" : ISODate("2012-10-04T03:09:02.986Z") } - { "count" : 1.0 } - 1 - 10/4/2012 10:09:02 AM
{ "createdDate" : ISODate("2012-10-04T03:09:03.033Z") } - { "count" : 1.0 } - 1 - 10/4/2012 10:09:03 AM
{ "createdDate" : ISODate("2012-10-04T03:09:03.095Z") } - { "count" : 1.0 } - 1 - 10/4/2012 10:09:03 AM
{ "createdDate" : ISODate("2012-10-04T03:09:03.158Z") } - { "count" : 1.0 } - 1 - 10/4/2012 10:09:03 AM
{ "createdDate" : ISODate("2012-10-04T03:09:03.22Z") } - { "count" : 1.0 } - 1 - 10/4/2012 10:09:03 AM
{ "createdDate" : ISODate("2012-10-04T03:09:03.283Z") } - { "count" : 1.0 } - 1 - 10/4/2012 10:09:03 AM
{ "createdDate" : ISODate("2012-10-04T03:09:06.689Z") } - { "count" : 1.0 } - 1 - 10/4/2012 10:09:06 AM
{ "createdDate" : ISODate("2012-10-04T03:09:06.752Z") } - { "count" : 1.0 } - 1 - 10/4/2012 10:09:06 AM
{ "createdDate" : ISODate("2012-10-04T03:09:06.814Z") } - { "count" : 1.0 } - 1 - 10/4/2012 10:09:06 AM
{ "createdDate" : ISODate("2012-10-04T03:09:06.877Z") } - { "count" : 1.0 } - 1 - 10/4/2012 10:09:06 AM
{ "createdDate" : ISODate("2012-10-04T03:09:06.939Z") } - { "count" : 1.0 } - 1 - 10/4/2012 10:09:06 AM
{ "createdDate" : ISODate("2012-10-04T03:09:07.017Z") } - { "count" : 1.0 } - 1 - 10/4/2012 10:09:07 AM
{ "createdDate" : ISODate("2012-10-04T03:09:07.095Z") } - { "count" : 1.0 } - 1 - 10/4/2012 10:09:07 AM
{ "createdDate" : ISODate("2012-10-04T03:09:07.142Z") } - { "count" : 1.0 } - 1 - 10/4/2012 10:09:07 AM
{ "createdDate" : ISODate("2012-10-04T03:09:07.205Z") } - { "count" : 1.0 } - 1 - 10/4/2012 10:09:07 AM
{ "createdDate" : ISODate("2012-10-04T03:09:07.267Z") } - { "count" : 1.0 } - 1 - 10/4/2012 10:09:07 AM
{ "createdDate" : ISODate("2012-10-04T03:09:07.345Z") } - { "count" : 1.0 } - 1 - 10/4/2012 10:09:07 AM
{ "createdDate" : ISODate("2012-10-04T03:09:10.72Z") } - { "count" : 1.0 } - 1 - 10/4/2012 10:09:10 AM
{ "createdDate" : ISODate("2012-10-04T03:09:10.939Z") } - { "count" : 1.0 } - 1 - 10/4/2012 10:09:10 AM
{ "createdDate" : ISODate("2012-10-04T03:09:10.986Z") } - { "count" : 1.0 } - 1 - 10/4/2012 10:09:10 AM
{ "createdDate" : ISODate("2012-10-04T03:09:11.049Z") } - { "count" : 1.0 } - 1 - 10/4/2012 10:09:11 AM
{ "createdDate" : ISODate("2012-10-04T03:09:11.111Z") } - { "count" : 1.0 } - 1 - 10/4/2012 10:09:11 AM
{ "createdDate" : ISODate("2012-10-04T03:09:11.205Z") } - { "count" : 1.0 } - 1 - 10/4/2012 10:09:11 AM
{ "createdDate" : ISODate("2012-10-04T03:09:11.283Z") } - { "count" : 1.0 } - 1 - 10/4/2012 10:09:11 AM
{ "createdDate" : ISODate("2012-10-04T03:09:11.345Z") } - { "count" : 1.0 } - 1 - 10/4/2012 10:09:11 AM
{ "createdDate" : ISODate("2012-10-04T03:09:11.424Z") } - { "count" : 1.0 } - 1 - 10/4/2012 10:09:11 AM
{ "createdDate" : ISODate("2012-10-04T03:09:11.58Z") } - { "count" : 1.0 } - 1 - 10/4/2012 10:09:11 AM
{ "createdDate" : ISODate("2012-10-04T03:09:11.642Z") } - { "count" : 1.0 } - 1 - 10/4/2012 10:09:11 AM
{ "createdDate" : ISODate("2012-10-04T03:09:14.877Z") } - { "count" : 1.0 } - 1 - 10/4/2012 10:09:14 AM
{ "createdDate" : ISODate("2012-10-04T03:09:15.049Z") } - { "count" : 1.0 } - 1 - 10/4/2012 10:09:15 AM
{ "createdDate" : ISODate("2012-10-04T03:09:15.111Z") } - { "count" : 1.0 } - 1 - 10/4/2012 10:09:15 AM
{ "createdDate" : ISODate("2012-10-04T03:09:15.236Z") } - { "count" : 1.0 } - 1 - 10/4/2012 10:09:15 AM
{ "createdDate" : ISODate("2012-10-04T03:09:15.33Z") } - { "count" : 1.0 } - 1 - 10/4/2012 10:09:15 AM
{ "createdDate" : ISODate("2012-10-04T03:09:15.502Z") } - { "count" : 1.0 } - 1 - 10/4/2012 10:09:15 AM
{ "createdDate" : ISODate("2012-10-04T03:09:15.689Z") } - { "count" : 1.0 } - 1 - 10/4/2012 10:09:15 AM
{ "createdDate" : ISODate("2012-10-04T03:09:15.767Z") } - { "count" : 1.0 } - 1 - 10/4/2012 10:09:15 AM
{ "createdDate" : ISODate("2012-10-04T03:09:15.908Z") } - { "count" : 1.0 } - 1 - 10/4/2012 10:09:15 AM
{ "createdDate" : ISODate("2012-10-04T03:09:15.986Z") } - { "count" : 1.0 } - 1 - 10/4/2012 10:09:15 AM
{ "createdDate" : ISODate("2012-10-04T03:09:16.064Z") } - { "count" : 1.0 } - 1 - 10/4/2012 10:09:16 AM
{ "createdDate" : ISODate("2012-10-04T03:09:19.424Z") } - { "count" : 1.0 } - 1 - 10/4/2012 10:09:19 AM
{ "createdDate" : ISODate("2012-10-04T03:09:19.533Z") } - { "count" : 1.0 } - 1 - 10/4/2012 10:09:19 AM
{ "createdDate" : ISODate("2012-10-04T03:09:19.627Z") } - { "count" : 1.0 } - 1 - 10/4/2012 10:09:19 AM
{ "createdDate" : ISODate("2012-10-04T03:09:19.689Z") } - { "count" : 1.0 } - 1 - 10/4/2012 10:09:19 AM
{ "createdDate" : ISODate("2012-10-04T03:09:19.752Z") } - { "count" : 1.0 } - 1 - 10/4/2012 10:09:19 AM
{ "createdDate" : ISODate("2012-10-04T03:09:20.064Z") } - { "count" : 1.0 } - 1 - 10/4/2012 10:09:20 AM
{ "createdDate" : ISODate("2012-10-04T03:09:20.08Z") } - { "count" : 1.0 } - 1 - 10/4/2012 10:09:20 AM
{ "createdDate" : ISODate("2012-10-04T03:09:20.361Z") } - { "count" : 1.0 } - 1 - 10/4/2012 10:09:20 AM
{ "createdDate" : ISODate("2012-10-04T03:09:20.752Z") } - { "count" : 1.0 } - 1 - 10/4/2012 10:09:20 AM
{ "createdDate" : ISODate("2012-10-04T03:09:20.799Z") } - { "count" : 1.0 } - 1 - 10/4/2012 10:09:20 AM
{ "createdDate" : ISODate("2012-10-04T03:09:21.236Z") } - { "count" : 1.0 } - 1 - 10/4/2012 10:09:21 AM
{ "createdDate" : ISODate("2012-10-04T03:09:23.142Z") } - { "count" : 1.0 } - 1 - 10/4/2012 10:09:23 AM
{ "createdDate" : ISODate("2012-10-04T03:09:23.439Z") } - { "count" : 1.0 } - 1 - 10/4/2012 10:09:23 AM
{ "createdDate" : ISODate("2012-10-04T03:09:23.877Z") } - { "count" : 1.0 } - 1 - 10/4/2012 10:09:23 AM
{ "createdDate" : ISODate("2012-10-04T03:09:24.127Z") } - { "count" : 1.0 } - 1 - 10/4/2012 10:09:24 AM
{ "createdDate" : ISODate("2012-10-04T03:09:24.595Z") } - { "count" : 1.0 } - 1 - 10/4/2012 10:09:24 AM
{ "createdDate" : ISODate("2012-10-04T03:09:24.814Z") } - { "count" : 1.0 } - 1 - 10/4/2012 10:09:24 AM
{ "createdDate" : ISODate("2012-10-04T03:09:25.033Z") } - { "count" : 1.0 } - 1 - 10/4/2012 10:09:25 AM
{ "createdDate" : ISODate("2012-10-04T03:09:25.47Z") } - { "count" : 1.0 } - 1 - 10/4/2012 10:09:25 AM
{ "createdDate" : ISODate("2012-10-04T03:09:25.924Z") } - { "count" : 1.0 } - 1 - 10/4/2012 10:09:25 AM
{ "createdDate" : ISODate("2012-10-04T03:09:26.345Z") } - { "count" : 1.0 } - 1 - 10/4/2012 10:09:26 AM
{ "createdDate" : ISODate("2012-10-04T03:09:26.424Z") } - { "count" : 1.0 } - 1 - 10/4/2012 10:09:26 AM
{ "createdDate" : ISODate("2012-10-04T03:09:29.408Z") } - { "count" : 1.0 } - 1 - 10/4/2012 10:09:29 AM
{ "createdDate" : ISODate("2012-10-04T03:09:29.83Z") } - { "count" : 1.0 } - 1 - 10/4/2012 10:09:29 AM
{ "createdDate" : ISODate("2012-10-04T03:09:30.22Z") } - { "count" : 1.0 } - 1 - 10/4/2012 10:09:30 AM
{ "createdDate" : ISODate("2012-10-04T03:09:30.314Z") } - { "count" : 1.0 } - 1 - 10/4/2012 10:09:30 AM
{ "createdDate" : ISODate("2012-10-04T03:09:30.58Z") } - { "count" : 1.0 } - 1 - 10/4/2012 10:09:30 AM
{ "createdDate" : ISODate("2012-10-04T03:09:30.627Z") } - { "count" : 1.0 } - 1 - 10/4/2012 10:09:30 AM
{ "createdDate" : ISODate("2012-10-04T03:09:30.689Z") } - { "count" : 1.0 } - 1 - 10/4/2012 10:09:30 AM
{ "createdDate" : ISODate("2012-10-04T03:09:30.814Z") } - { "count" : 1.0 } - 1 - 10/4/2012 10:09:30 AM
{ "createdDate" : ISODate("2012-10-04T03:09:30.877Z") } - { "count" : 1.0 } - 1 - 10/4/2012 10:09:30 AM
{ "createdDate" : ISODate("2012-10-04T03:09:30.939Z") } - { "count" : 1.0 } - 1 - 10/4/2012 10:09:30 AM
{ "createdDate" : ISODate("2012-10-04T03:09:31.158Z") } - { "count" : 1.0 } - 1 - 10/4/2012 10:09:31 AM
{ "createdDate" : ISODate("2012-10-04T03:09:35.455Z") } - { "count" : 1.0 } - 1 - 10/4/2012 10:09:35 AM
{ "createdDate" : ISODate("2012-10-04T03:09:35.611Z") } - { "count" : 1.0 } - 1 - 10/4/2012 10:09:35 AM
{ "createdDate" : ISODate("2012-10-04T03:09:35.736Z") } - { "count" : 1.0 } - 1 - 10/4/2012 10:09:35 AM
{ "createdDate" : ISODate("2012-10-04T03:09:35.83Z") } - { "count" : 1.0 } - 1 - 10/4/2012 10:09:35 AM
{ "createdDate" : ISODate("2012-10-04T03:09:35.908Z") } - { "count" : 1.0 } - 1 - 10/4/2012 10:09:35 AM
{ "createdDate" : ISODate("2012-10-04T03:09:35.986Z") } - { "count" : 1.0 } - 1 - 10/4/2012 10:09:35 AM
{ "createdDate" : ISODate("2012-10-04T03:09:36.064Z") } - { "count" : 1.0 } - 1 - 10/4/2012 10:09:36 AM
{ "createdDate" : ISODate("2012-10-04T03:09:36.189Z") } - { "count" : 1.0 } - 1 - 10/4/2012 10:09:36 AM
{ "createdDate" : ISODate("2012-10-04T03:09:36.252Z") } - { "count" : 1.0 } - 1 - 10/4/2012 10:09:36 AM
{ "createdDate" : ISODate("2012-10-04T03:09:36.345Z") } - { "count" : 1.0 } - 1 - 10/4/2012 10:09:36 AM
{ "createdDate" : ISODate("2012-10-04T03:09:36.408Z") } - { "count" : 1.0 } - 1 - 10/4/2012 10:09:36 AM
{ "createdDate" : ISODate("2012-10-04T03:09:38.455Z") } - { "count" : 1.0 } - 1 - 10/4/2012 10:09:38 AM
{ "createdDate" : ISODate("2012-10-04T03:09:38.627Z") } - { "count" : 1.0 } - 1 - 10/4/2012 10:09:38 AM
{ "createdDate" : ISODate("2012-10-04T03:09:38.767Z") } - { "count" : 1.0 } - 1 - 10/4/2012 10:09:38 AM
{ "createdDate" : ISODate("2012-10-04T03:09:38.892Z") } - { "count" : 1.0 } - 1 - 10/4/2012 10:09:38 AM
{ "createdDate" : ISODate("2012-10-04T03:09:38.955Z") } - { "count" : 1.0 } - 1 - 10/4/2012 10:09:38 AM
{ "createdDate" : ISODate("2012-10-04T03:09:39.111Z") } - { "count" : 1.0 } - 1 - 10/4/2012 10:09:39 AM
{ "createdDate" : ISODate("2012-10-04T03:09:39.189Z") } - { "count" : 1.0 } - 1 - 10/4/2012 10:09:39 AM
{ "createdDate" : ISODate("2012-10-04T03:09:39.283Z") } - { "count" : 1.0 } - 1 - 10/4/2012 10:09:39 AM
{ "createdDate" : ISODate("2012-10-04T03:09:39.345Z") } - { "count" : 1.0 } - 1 - 10/4/2012 10:09:39 AM
{ "createdDate" : ISODate("2012-10-04T03:09:39.455Z") } - { "count" : 1.0 } - 1 - 10/4/2012 10:09:39 AM
{ "createdDate" : ISODate("2012-10-04T03:09:39.502Z") } - { "count" : 1.0 } - 1 - 10/4/2012 10:09:39 AM
{ "createdDate" : ISODate("2012-10-04T03:09:41.705Z") } - { "count" : 1.0 } - 1 - 10/4/2012 10:09:41 AM
{ "createdDate" : ISODate("2012-10-04T03:09:41.767Z") } - { "count" : 1.0 } - 1 - 10/4/2012 10:09:41 AM
{ "createdDate" : ISODate("2012-10-04T03:09:41.845Z") } - { "count" : 1.0 } - 1 - 10/4/2012 10:09:41 AM
{ "createdDate" : ISODate("2012-10-04T03:09:41.908Z") } - { "count" : 1.0 } - 1 - 10/4/2012 10:09:41 AM
{ "createdDate" : ISODate("2012-10-04T03:09:41.97Z") } - { "count" : 1.0 } - 1 - 10/4/2012 10:09:41 AM
{ "createdDate" : ISODate("2012-10-04T03:09:42.033Z") } - { "count" : 1.0 } - 1 - 10/4/2012 10:09:42 AM
{ "createdDate" : ISODate("2012-10-04T03:09:42.095Z") } - { "count" : 1.0 } - 1 - 10/4/2012 10:09:42 AM
{ "createdDate" : ISODate("2012-10-04T03:09:42.158Z") } - { "count" : 1.0 } - 1 - 10/4/2012 10:09:42 AM
{ "createdDate" : ISODate("2012-10-04T03:09:42.205Z") } - { "count" : 1.0 } - 1 - 10/4/2012 10:09:42 AM
{ "createdDate" : ISODate("2012-10-04T03:09:42.267Z") } - { "count" : 1.0 } - 1 - 10/4/2012 10:09:42 AM
{ "createdDate" : ISODate("2012-10-04T03:09:42.33Z") } - { "count" : 1.0 } - 1 - 10/4/2012 10:09:42 AM
{ "createdDate" : ISODate("2012-10-04T03:09:46.189Z") } - { "count" : 1.0 } - 1 - 10/4/2012 10:09:46 AM
{ "createdDate" : ISODate("2012-10-04T03:09:46.252Z") } - { "count" : 1.0 } - 1 - 10/4/2012 10:09:46 AM
{ "createdDate" : ISODate("2012-10-04T03:09:46.314Z") } - { "count" : 1.0 } - 1 - 10/4/2012 10:09:46 AM
{ "createdDate" : ISODate("2012-10-04T03:09:46.361Z") } - { "count" : 1.0 } - 1 - 10/4/2012 10:09:46 AM
{ "createdDate" : ISODate("2012-10-04T03:09:46.424Z") } - { "count" : 1.0 } - 1 - 10/4/2012 10:09:46 AM
{ "createdDate" : ISODate("2012-10-04T03:09:46.486Z") } - { "count" : 1.0 } - 1 - 10/4/2012 10:09:46 AM
{ "createdDate" : ISODate("2012-10-04T03:09:46.549Z") } - { "count" : 1.0 } - 1 - 10/4/2012 10:09:46 AM
{ "createdDate" : ISODate("2012-10-04T03:09:46.611Z") } - { "count" : 1.0 } - 1 - 10/4/2012 10:09:46 AM
{ "createdDate" : ISODate("2012-10-04T03:09:46.674Z") } - { "count" : 1.0 } - 1 - 10/4/2012 10:09:46 AM
{ "createdDate" : ISODate("2012-10-04T03:09:46.736Z") } - { "count" : 1.0 } - 1 - 10/4/2012 10:09:46 AM
{ "createdDate" : ISODate("2012-10-04T03:09:46.799Z") } - { "count" : 1.0 } - 1 - 10/4/2012 10:09:46 AM
{ "createdDate" : ISODate("2012-10-04T03:09:50.22Z") } - { "count" : 1.0 } - 1 - 10/4/2012 10:09:50 AM
{ "createdDate" : ISODate("2012-10-04T03:09:50.267Z") } - { "count" : 1.0 } - 1 - 10/4/2012 10:09:50 AM
{ "createdDate" : ISODate("2012-10-04T03:09:50.33Z") } - { "count" : 1.0 } - 1 - 10/4/2012 10:09:50 AM
{ "createdDate" : ISODate("2012-10-04T03:09:50.392Z") } - { "count" : 1.0 } - 1 - 10/4/2012 10:09:50 AM
{ "createdDate" : ISODate("2012-10-04T03:09:50.455Z") } - { "count" : 1.0 } - 1 - 10/4/2012 10:09:50 AM
{ "createdDate" : ISODate("2012-10-04T03:09:50.502Z") } - { "count" : 1.0 } - 1 - 10/4/2012 10:09:50 AM
{ "createdDate" : ISODate("2012-10-04T03:09:50.564Z") } - { "count" : 1.0 } - 1 - 10/4/2012 10:09:50 AM
{ "createdDate" : ISODate("2012-10-04T03:09:50.611Z") } - { "count" : 1.0 } - 1 - 10/4/2012 10:09:50 AM
{ "createdDate" : ISODate("2012-10-04T03:09:50.674Z") } - { "count" : 1.0 } - 1 - 10/4/2012 10:09:50 AM
{ "createdDate" : ISODate("2012-10-04T03:09:50.736Z") } - { "count" : 1.0 } - 1 - 10/4/2012 10:09:50 AM
{ "createdDate" : ISODate("2012-10-04T03:09:50.799Z") } - { "count" : 1.0 } - 1 - 10/4/2012 10:09:50 AM
{ "createdDate" : ISODate("2012-10-04T03:09:53.236Z") } - { "count" : 1.0 } - 1 - 10/4/2012 10:09:53 AM
{ "createdDate" : ISODate("2012-10-04T03:09:53.283Z") } - { "count" : 1.0 } - 1 - 10/4/2012 10:09:53 AM
{ "createdDate" : ISODate("2012-10-04T03:09:53.345Z") } - { "count" : 1.0 } - 1 - 10/4/2012 10:09:53 AM
{ "createdDate" : ISODate("2012-10-04T03:09:53.408Z") } - { "count" : 1.0 } - 1 - 10/4/2012 10:09:53 AM
{ "createdDate" : ISODate("2012-10-04T03:09:53.47Z") } - { "count" : 1.0 } - 1 - 10/4/2012 10:09:53 AM
{ "createdDate" : ISODate("2012-10-04T03:09:53.533Z") } - { "count" : 1.0 } - 1 - 10/4/2012 10:09:53 AM
{ "createdDate" : ISODate("2012-10-04T03:09:53.595Z") } - { "count" : 1.0 } - 1 - 10/4/2012 10:09:53 AM
{ "createdDate" : ISODate("2012-10-04T03:09:53.658Z") } - { "count" : 1.0 } - 1 - 10/4/2012 10:09:53 AM
{ "createdDate" : ISODate("2012-10-04T03:09:53.72Z") } - { "count" : 1.0 } - 1 - 10/4/2012 10:09:53 AM
{ "createdDate" : ISODate("2012-10-04T03:09:53.783Z") } - { "count" : 1.0 } - 1 - 10/4/2012 10:09:53 AM
{ "createdDate" : ISODate("2012-10-04T03:09:53.845Z") } - { "count" : 1.0 } - 1 - 10/4/2012 10:09:53 AM
{ "createdDate" : ISODate("2012-10-04T03:09:58.299Z") } - { "count" : 1.0 } - 1 - 10/4/2012 10:09:58 AM
{ "createdDate" : ISODate("2012-10-04T03:09:58.361Z") } - { "count" : 1.0 } - 1 - 10/4/2012 10:09:58 AM
{ "createdDate" : ISODate("2012-10-04T03:09:58.439Z") } - { "count" : 1.0 } - 1 - 10/4/2012 10:09:58 AM
{ "createdDate" : ISODate("2012-10-04T03:09:58.502Z") } - { "count" : 1.0 } - 1 - 10/4/2012 10:09:58 AM
{ "createdDate" : ISODate("2012-10-04T03:09:58.58Z") } - { "count" : 1.0 } - 1 - 10/4/2012 10:09:58 AM
{ "createdDate" : ISODate("2012-10-04T03:09:58.642Z") } - { "count" : 1.0 } - 1 - 10/4/2012 10:09:58 AM
{ "createdDate" : ISODate("2012-10-04T03:09:58.705Z") } - { "count" : 1.0 } - 1 - 10/4/2012 10:09:58 AM
{ "createdDate" : ISODate("2012-10-04T03:09:58.783Z") } - { "count" : 1.0 } - 1 - 10/4/2012 10:09:58 AM
{ "createdDate" : ISODate("2012-10-04T03:09:58.845Z") } - { "count" : 1.0 } - 1 - 10/4/2012 10:09:58 AM
{ "createdDate" : ISODate("2012-10-04T03:09:58.908Z") } - { "count" : 1.0 } - 1 - 10/4/2012 10:09:58 AM
{ "createdDate" : ISODate("2012-10-04T03:09:58.97Z") } - { "count" : 1.0 } - 1 - 10/4/2012 10:09:58 AM
{ "createdDate" : ISODate("2012-10-04T03:10:01.283Z") } - { "count" : 1.0 } - 1 - 10/4/2012 10:10:01 AM
{ "createdDate" : ISODate("2012-10-04T03:10:01.33Z") } - { "count" : 1.0 } - 1 - 10/4/2012 10:10:01 AM
{ "createdDate" : ISODate("2012-10-04T03:10:01.392Z") } - { "count" : 1.0 } - 1 - 10/4/2012 10:10:01 AM
{ "createdDate" : ISODate("2012-10-04T03:10:01.455Z") } - { "count" : 1.0 } - 1 - 10/4/2012 10:10:01 AM
{ "createdDate" : ISODate("2012-10-04T03:10:01.517Z") } - { "count" : 1.0 } - 1 - 10/4/2012 10:10:01 AM
{ "createdDate" : ISODate("2012-10-04T03:10:01.58Z") } - { "count" : 1.0 } - 1 - 10/4/2012 10:10:01 AM
{ "createdDate" : ISODate("2012-10-04T03:10:01.642Z") } - { "count" : 1.0 } - 1 - 10/4/2012 10:10:01 AM
{ "createdDate" : ISODate("2012-10-04T03:10:01.72Z") } - { "count" : 1.0 } - 1 - 10/4/2012 10:10:01 AM
{ "createdDate" : ISODate("2012-10-04T03:10:01.783Z") } - { "count" : 1.0 } - 1 - 10/4/2012 10:10:01 AM
{ "createdDate" : ISODate("2012-10-04T03:10:01.845Z") } - { "count" : 1.0 } - 1 - 10/4/2012 10:10:01 AM
{ "createdDate" : ISODate("2012-10-04T03:10:01.908Z") } - { "count" : 1.0 } - 1 - 10/4/2012 10:10:01 AM
{ "createdDate" : ISODate("2012-10-04T03:10:06.799Z") } - { "count" : 1.0 } - 1 - 10/4/2012 10:10:06 AM
{ "createdDate" : ISODate("2012-10-04T03:10:06.861Z") } - { "count" : 1.0 } - 1 - 10/4/2012 10:10:06 AM
{ "createdDate" : ISODate("2012-10-04T03:10:06.924Z") } - { "count" : 1.0 } - 1 - 10/4/2012 10:10:06 AM
{ "createdDate" : ISODate("2012-10-04T03:10:07.002Z") } - { "count" : 1.0 } - 1 - 10/4/2012 10:10:07 AM
{ "createdDate" : ISODate("2012-10-04T03:10:07.064Z") } - { "count" : 1.0 } - 1 - 10/4/2012 10:10:07 AM
{ "createdDate" : ISODate("2012-10-04T03:10:07.127Z") } - { "count" : 1.0 } - 1 - 10/4/2012 10:10:07 AM
{ "createdDate" : ISODate("2012-10-04T03:10:07.189Z") } - { "count" : 1.0 } - 1 - 10/4/2012 10:10:07 AM
{ "createdDate" : ISODate("2012-10-04T03:10:07.252Z") } - { "count" : 1.0 } - 1 - 10/4/2012 10:10:07 AM
{ "createdDate" : ISODate("2012-10-04T03:10:07.314Z") } - { "count" : 1.0 } - 1 - 10/4/2012 10:10:07 AM
{ "createdDate" : ISODate("2012-10-04T03:10:07.377Z") } - { "count" : 1.0 } - 1 - 10/4/2012 10:10:07 AM
{ "createdDate" : ISODate("2012-10-04T03:10:07.439Z") } - { "count" : 1.0 } - 1 - 10/4/2012 10:10:07 AM
{ "createdDate" : ISODate("2012-10-04T03:10:09.83Z") } - { "count" : 1.0 } - 1 - 10/4/2012 10:10:09 AM
{ "createdDate" : ISODate("2012-10-04T03:10:09.892Z") } - { "count" : 1.0 } - 1 - 10/4/2012 10:10:09 AM
{ "createdDate" : ISODate("2012-10-04T03:10:09.955Z") } - { "count" : 1.0 } - 1 - 10/4/2012 10:10:09 AM
{ "createdDate" : ISODate("2012-10-04T03:10:10.017Z") } - { "count" : 1.0 } - 1 - 10/4/2012 10:10:10 AM
{ "createdDate" : ISODate("2012-10-04T03:10:10.095Z") } - { "count" : 1.0 } - 1 - 10/4/2012 10:10:10 AM
{ "createdDate" : ISODate("2012-10-04T03:10:10.142Z") } - { "count" : 1.0 } - 1 - 10/4/2012 10:10:10 AM
{ "createdDate" : ISODate("2012-10-04T03:10:10.205Z") } - { "count" : 1.0 } - 1 - 10/4/2012 10:10:10 AM
{ "createdDate" : ISODate("2012-10-04T03:10:10.267Z") } - { "count" : 1.0 } - 1 - 10/4/2012 10:10:10 AM
{ "createdDate" : ISODate("2012-10-04T03:10:10.33Z") } - { "count" : 1.0 } - 1 - 10/4/2012 10:10:10 AM
{ "createdDate" : ISODate("2012-10-04T03:10:10.392Z") } - { "count" : 1.0 } - 1 - 10/4/2012 10:10:10 AM
{ "createdDate" : ISODate("2012-10-04T03:10:10.455Z") } - { "count" : 1.0 } - 1 - 10/4/2012 10:10:10 AM
{ "createdDate" : ISODate("2012-10-04T03:10:14.33Z") } - { "count" : 1.0 } - 1 - 10/4/2012 10:10:14 AM
{ "createdDate" : ISODate("2012-10-04T03:10:14.377Z") } - { "count" : 1.0 } - 1 - 10/4/2012 10:10:14 AM
{ "createdDate" : ISODate("2012-10-04T03:10:14.439Z") } - { "count" : 1.0 } - 1 - 10/4/2012 10:10:14 AM
{ "createdDate" : ISODate("2012-10-04T03:10:14.502Z") } - { "count" : 1.0 } - 1 - 10/4/2012 10:10:14 AM
{ "createdDate" : ISODate("2012-10-04T03:10:14.564Z") } - { "count" : 1.0 } - 1 - 10/4/2012 10:10:14 AM
{ "createdDate" : ISODate("2012-10-04T03:10:14.611Z") } - { "count" : 1.0 } - 1 - 10/4/2012 10:10:14 AM
{ "createdDate" : ISODate("2012-10-04T03:10:14.689Z") } - { "count" : 1.0 } - 1 - 10/4/2012 10:10:14 AM
{ "createdDate" : ISODate("2012-10-04T03:10:14.736Z") } - { "count" : 1.0 } - 1 - 10/4/2012 10:10:14 AM
{ "createdDate" : ISODate("2012-10-04T03:10:14.799Z") } - { "count" : 1.0 } - 1 - 10/4/2012 10:10:14 AM
{ "createdDate" : ISODate("2012-10-04T03:10:14.861Z") } - { "count" : 1.0 } - 1 - 10/4/2012 10:10:14 AM
{ "createdDate" : ISODate("2012-10-04T03:10:14.924Z") } - { "count" : 1.0 } - 1 - 10/4/2012 10:10:14 AM
{ "createdDate" : ISODate("2012-10-04T03:10:17.361Z") } - { "count" : 1.0 } - 1 - 10/4/2012 10:10:17 AM
{ "createdDate" : ISODate("2012-10-04T03:10:17.439Z") } - { "count" : 1.0 } - 1 - 10/4/2012 10:10:17 AM
{ "createdDate" : ISODate("2012-10-04T03:10:17.502Z") } - { "count" : 1.0 } - 1 - 10/4/2012 10:10:17 AM
{ "createdDate" : ISODate("2012-10-04T03:10:17.564Z") } - { "count" : 1.0 } - 1 - 10/4/2012 10:10:17 AM
{ "createdDate" : ISODate("2012-10-04T03:10:17.627Z") } - { "count" : 1.0 } - 1 - 10/4/2012 10:10:17 AM
{ "createdDate" : ISODate("2012-10-04T03:10:17.705Z") } - { "count" : 1.0 } - 1 - 10/4/2012 10:10:17 AM
{ "createdDate" : ISODate("2012-10-04T03:10:17.767Z") } - { "count" : 1.0 } - 1 - 10/4/2012 10:10:17 AM
{ "createdDate" : ISODate("2012-10-04T03:10:17.83Z") } - { "count" : 1.0 } - 1 - 10/4/2012 10:10:17 AM
{ "createdDate" : ISODate("2012-10-04T03:10:17.892Z") } - { "count" : 1.0 } - 1 - 10/4/2012 10:10:17 AM
{ "createdDate" : ISODate("2012-10-04T03:10:17.955Z") } - { "count" : 1.0 } - 1 - 10/4/2012 10:10:17 AM
{ "createdDate" : ISODate("2012-10-04T03:10:18.017Z") } - { "count" : 1.0 } - 1 - 10/4/2012 10:10:18 AM
{ "createdDate" : ISODate("2012-10-04T03:10:22.455Z") } - { "count" : 1.0 } - 1 - 10/4/2012 10:10:22 AM
{ "createdDate" : ISODate("2012-10-04T03:10:22.517Z") } - { "count" : 1.0 } - 1 - 10/4/2012 10:10:22 AM
{ "createdDate" : ISODate("2012-10-04T03:10:22.58Z") } - { "count" : 1.0 } - 1 - 10/4/2012 10:10:22 AM
{ "createdDate" : ISODate("2012-10-04T03:10:22.658Z") } - { "count" : 1.0 } - 1 - 10/4/2012 10:10:22 AM
{ "createdDate" : ISODate("2012-10-04T03:10:22.783Z") } - { "count" : 1.0 } - 1 - 10/4/2012 10:10:22 AM
{ "createdDate" : ISODate("2012-10-04T03:10:22.845Z") } - { "count" : 1.0 } - 1 - 10/4/2012 10:10:22 AM
{ "createdDate" : ISODate("2012-10-04T03:10:22.908Z") } - { "count" : 1.0 } - 1 - 10/4/2012 10:10:22 AM
{ "createdDate" : ISODate("2012-10-04T03:10:22.97Z") } - { "count" : 1.0 } - 1 - 10/4/2012 10:10:22 AM
{ "createdDate" : ISODate("2012-10-04T03:10:23.049Z") } - { "count" : 1.0 } - 1 - 10/4/2012 10:10:23 AM
{ "createdDate" : ISODate("2012-10-04T03:10:23.127Z") } - { "count" : 1.0 } - 1 - 10/4/2012 10:10:23 AM
{ "createdDate" : ISODate("2012-10-04T03:10:23.189Z") } - { "count" : 1.0 } - 1 - 10/4/2012 10:10:23 AM
{ "createdDate" : ISODate("2012-10-04T03:10:25.736Z") } - { "count" : 1.0 } - 1 - 10/4/2012 10:10:25 AM
{ "createdDate" : ISODate("2012-10-04T03:10:25.814Z") } - { "count" : 1.0 } - 1 - 10/4/2012 10:10:25 AM
{ "createdDate" : ISODate("2012-10-04T03:10:25.877Z") } - { "count" : 1.0 } - 1 - 10/4/2012 10:10:25 AM
{ "createdDate" : ISODate("2012-10-04T03:10:25.939Z") } - { "count" : 1.0 } - 1 - 10/4/2012 10:10:25 AM
{ "createdDate" : ISODate("2012-10-04T03:10:26.002Z") } - { "count" : 1.0 } - 1 - 10/4/2012 10:10:26 AM
{ "createdDate" : ISODate("2012-10-04T03:10:26.064Z") } - { "count" : 1.0 } - 1 - 10/4/2012 10:10:26 AM
{ "createdDate" : ISODate("2012-10-04T03:10:26.127Z") } - { "count" : 1.0 } - 1 - 10/4/2012 10:10:26 AM
{ "createdDate" : ISODate("2012-10-04T03:10:26.205Z") } - { "count" : 1.0 } - 1 - 10/4/2012 10:10:26 AM
{ "createdDate" : ISODate("2012-10-04T03:10:26.267Z") } - { "count" : 1.0 } - 1 - 10/4/2012 10:10:26 AM
{ "createdDate" : ISODate("2012-10-04T03:10:26.33Z") } - { "count" : 1.0 } - 1 - 10/4/2012 10:10:26 AM
{ "createdDate" : ISODate("2012-10-04T03:10:26.392Z") } - { "count" : 1.0 } - 1 - 10/4/2012 10:10:26 AM
{ "createdDate" : ISODate("2012-10-04T03:10:31.283Z") } - { "count" : 1.0 } - 1 - 10/4/2012 10:10:31 AM
{ "createdDate" : ISODate("2012-10-04T03:10:31.345Z") } - { "count" : 1.0 } - 1 - 10/4/2012 10:10:31 AM
{ "createdDate" : ISODate("2012-10-04T03:10:31.408Z") } - { "count" : 1.0 } - 1 - 10/4/2012 10:10:31 AM
{ "createdDate" : ISODate("2012-10-04T03:10:31.47Z") } - { "count" : 1.0 } - 1 - 10/4/2012 10:10:31 AM
{ "createdDate" : ISODate("2012-10-04T03:10:31.533Z") } - { "count" : 1.0 } - 1 - 10/4/2012 10:10:31 AM
{ "createdDate" : ISODate("2012-10-04T03:10:31.58Z") } - { "count" : 1.0 } - 1 - 10/4/2012 10:10:31 AM
{ "createdDate" : ISODate("2012-10-04T03:10:31.642Z") } - { "count" : 1.0 } - 1 - 10/4/2012 10:10:31 AM
{ "createdDate" : ISODate("2012-10-04T03:10:31.705Z") } - { "count" : 1.0 } - 1 - 10/4/2012 10:10:31 AM
{ "createdDate" : ISODate("2012-10-04T03:10:31.767Z") } - { "count" : 1.0 } - 1 - 10/4/2012 10:10:31 AM
{ "createdDate" : ISODate("2012-10-04T03:10:31.83Z") } - { "count" : 1.0 } - 1 - 10/4/2012 10:10:31 AM
{ "createdDate" : ISODate("2012-10-04T03:10:31.892Z") } - { "count" : 1.0 } - 1 - 10/4/2012 10:10:31 AM
{ "createdDate" : ISODate("2012-10-04T03:10:34.158Z") } - { "count" : 1.0 } - 1 - 10/4/2012 10:10:34 AM
{ "createdDate" : ISODate("2012-10-04T03:10:34.252Z") } - { "count" : 1.0 } - 1 - 10/4/2012 10:10:34 AM
{ "createdDate" : ISODate("2012-10-04T03:10:34.33Z") } - { "count" : 1.0 } - 1 - 10/4/2012 10:10:34 AM
{ "createdDate" : ISODate("2012-10-04T03:10:34.392Z") } - { "count" : 1.0 } - 1 - 10/4/2012 10:10:34 AM
{ "createdDate" : ISODate("2012-10-04T03:10:34.47Z") } - { "count" : 1.0 } - 1 - 10/4/2012 10:10:34 AM
{ "createdDate" : ISODate("2012-10-04T03:10:34.564Z") } - { "count" : 1.0 } - 1 - 10/4/2012 10:10:34 AM
{ "createdDate" : ISODate("2012-10-04T03:10:34.642Z") } - { "count" : 1.0 } - 1 - 10/4/2012 10:10:34 AM
{ "createdDate" : ISODate("2012-10-04T03:10:34.705Z") } - { "count" : 1.0 } - 1 - 10/4/2012 10:10:34 AM
{ "createdDate" : ISODate("2012-10-04T03:10:34.767Z") } - { "count" : 1.0 } - 1 - 10/4/2012 10:10:34 AM
{ "createdDate" : ISODate("2012-10-04T03:10:34.83Z") } - { "count" : 1.0 } - 1 - 10/4/2012 10:10:34 AM
{ "createdDate" : ISODate("2012-10-04T03:10:34.908Z") } - { "count" : 1.0 } - 1 - 10/4/2012 10:10:34 AM
{ "createdDate" : ISODate("2012-10-04T03:10:38.861Z") } - { "count" : 1.0 } - 1 - 10/4/2012 10:10:38 AM
{ "createdDate" : ISODate("2012-10-04T03:10:38.924Z") } - { "count" : 1.0 } - 1 - 10/4/2012 10:10:38 AM
{ "createdDate" : ISODate("2012-10-04T03:10:38.986Z") } - { "count" : 1.0 } - 1 - 10/4/2012 10:10:38 AM
{ "createdDate" : ISODate("2012-10-04T03:10:39.049Z") } - { "count" : 1.0 } - 1 - 10/4/2012 10:10:39 AM
{ "createdDate" : ISODate("2012-10-04T03:10:39.127Z") } - { "count" : 1.0 } - 1 - 10/4/2012 10:10:39 AM
{ "createdDate" : ISODate("2012-10-04T03:10:39.189Z") } - { "count" : 1.0 } - 1 - 10/4/2012 10:10:39 AM
{ "createdDate" : ISODate("2012-10-04T03:10:39.252Z") } - { "count" : 1.0 } - 1 - 10/4/2012 10:10:39 AM
{ "createdDate" : ISODate("2012-10-04T03:10:39.33Z") } - { "count" : 1.0 } - 1 - 10/4/2012 10:10:39 AM
{ "createdDate" : ISODate("2012-10-04T03:10:39.392Z") } - { "count" : 1.0 } - 1 - 10/4/2012 10:10:39 AM
{ "createdDate" : ISODate("2012-10-04T03:10:39.455Z") } - { "count" : 1.0 } - 1 - 10/4/2012 10:10:39 AM
{ "createdDate" : ISODate("2012-10-04T03:10:39.517Z") } - { "count" : 1.0 } - 1 - 10/4/2012 10:10:39 AM
{ "createdDate" : ISODate("2012-10-04T03:10:43.314Z") } - { "count" : 1.0 } - 1 - 10/4/2012 10:10:43 AM
{ "createdDate" : ISODate("2012-10-04T03:10:43.424Z") } - { "count" : 1.0 } - 1 - 10/4/2012 10:10:43 AM
{ "createdDate" : ISODate("2012-10-04T03:10:43.564Z") } - { "count" : 1.0 } - 1 - 10/4/2012 10:10:43 AM
{ "createdDate" : ISODate("2012-10-04T03:10:43.642Z") } - { "count" : 1.0 } - 1 - 10/4/2012 10:10:43 AM
{ "createdDate" : ISODate("2012-10-04T03:10:43.705Z") } - { "count" : 1.0 } - 1 - 10/4/2012 10:10:43 AM
{ "createdDate" : ISODate("2012-10-04T03:10:43.767Z") } - { "count" : 1.0 } - 1 - 10/4/2012 10:10:43 AM
{ "createdDate" : ISODate("2012-10-04T03:10:43.83Z") } - { "count" : 1.0 } - 1 - 10/4/2012 10:10:43 AM
{ "createdDate" : ISODate("2012-10-04T03:10:43.892Z") } - { "count" : 1.0 } - 1 - 10/4/2012 10:10:43 AM
{ "createdDate" : ISODate("2012-10-04T03:10:43.955Z") } - { "count" : 1.0 } - 1 - 10/4/2012 10:10:43 AM
[...]
{ "createdDate" : ISODate("2012-10-04T07:12:45.189Z") } - { "count" : 1.0 } - 1 - 10/4/2012 2:12:45 PM
{ "createdDate" : ISODate("2012-10-04T07:12:45.236Z") } - { "count" : 1.0 } - 1 - 10/4/2012 2:12:45 PM
{ "createdDate" : ISODate("2012-10-04T07:12:45.283Z") } - { "count" : 1.0 } - 1 - 10/4/2012 2:12:45 PM
{ "createdDate" : ISODate("2012-10-04T07:12:45.33Z") } - { "count" : 1.0 } - 1 - 10/4/2012 2:12:45 PM
{ "createdDate" : ISODate("2012-10-04T07:12:48.439Z") } - { "count" : 1.0 } - 1 - 10/4/2012 2:12:48 PM
{ "createdDate" : ISODate("2012-10-04T07:12:48.549Z") } - { "count" : 1.0 } - 1 - 10/4/2012 2:12:48 PM
{ "createdDate" : ISODate("2012-10-04T07:12:48.627Z") } - { "count" : 1.0 } - 1 - 10/4/2012 2:12:48 PM
{ "createdDate" : ISODate("2012-10-04T07:12:48.72Z") } - { "count" : 1.0 } - 1 - 10/4/2012 2:12:48 PM
{ "createdDate" : ISODate("2012-10-04T07:12:48.814Z") } - { "count" : 1.0 } - 1 - 10/4/2012 2:12:48 PM
{ "createdDate" : ISODate("2012-10-04T07:12:48.892Z") } - { "count" : 1.0 } - 1 - 10/4/2012 2:12:48 PM
{ "createdDate" : ISODate("2012-10-04T07:12:48.986Z") } - { "count" : 1.0 } - 1 - 10/4/2012 2:12:48 PM
{ "createdDate" : ISODate("2012-10-04T07:12:49.064Z") } - { "count" : 1.0 } - 1 - 10/4/2012 2:12:49 PM
{ "createdDate" : ISODate("2012-10-04T07:12:49.142Z") } - { "count" : 1.0 } - 1 - 10/4/2012 2:12:49 PM
{ "createdDate" : ISODate("2012-10-04T07:12:49.205Z") } - { "count" : 1.0 } - 1 - 10/4/2012 2:12:49 PM
{ "createdDate" : ISODate("2012-10-04T07:12:49.252Z") } - { "count" : 1.0 } - 1 - 10/4/2012 2:12:49 PM
{ "createdDate" : ISODate("2012-10-04T07:43:31.017Z") } - { "count" : 1.0 } - 1 - 10/4/2012 2:43:31 PM
{ "createdDate" : ISODate("2012-10-04T07:43:31.064Z") } - { "count" : 1.0 } - 1 - 10/4/2012 2:43:31 PM
{ "createdDate" : ISODate("2012-10-04T07:43:31.127Z") } - { "count" : 1.0 } - 1 - 10/4/2012 2:43:31 PM
{ "createdDate" : ISODate("2012-10-04T07:43:31.174Z") } - { "count" : 1.0 } - 1 - 10/4/2012 2:43:31 PM
{ "createdDate" : ISODate("2012-10-04T07:43:31.22Z") } - { "count" : 1.0 } - 1 - 10/4/2012 2:43:31 PM
{ "createdDate" : ISODate("2012-10-04T07:43:31.267Z") } - { "count" : 1.0 } - 1 - 10/4/2012 2:43:31 PM
{ "createdDate" : ISODate("2012-10-04T07:43:31.314Z") } - { "count" : 1.0 } - 1 - 10/4/2012 2:43:31 PM
{ "createdDate" : ISODate("2012-10-04T07:43:31.361Z") } - { "count" : 1.0 } - 1 - 10/4/2012 2:43:31 PM
{ "createdDate" : ISODate("2012-10-04T07:43:31.408Z") } - { "count" : 1.0 } - 1 - 10/4/2012 2:43:31 PM
{ "createdDate" : ISODate("2012-10-04T07:43:31.455Z") } - { "count" : 1.0 } - 1 - 10/4/2012 2:43:31 PM
{ "createdDate" : ISODate("2012-10-04T07:43:31.502Z") } - { "count" : 1.0 } - 1 - 10/4/2012 2:43:31 PM
{ "createdDate" : ISODate("2012-10-04T07:43:57.752Z") } - { "count" : 1.0 } - 1 - 10/4/2012 2:43:57 PM
{ "createdDate" : ISODate("2012-10-04T07:43:57.799Z") } - { "count" : 1.0 } - 1 - 10/4/2012 2:43:57 PM
{ "createdDate" : ISODate("2012-10-04T07:43:57.845Z") } - { "count" : 1.0 } - 1 - 10/4/2012 2:43:57 PM
{ "createdDate" : ISODate("2012-10-04T07:43:57.892Z") } - { "count" : 1.0 } - 1 - 10/4/2012 2:43:57 PM
{ "createdDate" : ISODate("2012-10-04T07:43:57.939Z") } - { "count" : 1.0 } - 1 - 10/4/2012 2:43:57 PM
{ "createdDate" : ISODate("2012-10-04T07:43:57.986Z") } - { "count" : 1.0 } - 1 - 10/4/2012 2:43:57 PM
{ "createdDate" : ISODate("2012-10-04T07:43:58.033Z") } - { "count" : 1.0 } - 1 - 10/4/2012 2:43:58 PM
{ "createdDate" : ISODate("2012-10-04T07:43:58.08Z") } - { "count" : 1.0 } - 1 - 10/4/2012 2:43:58 PM
{ "createdDate" : ISODate("2012-10-04T07:43:58.127Z") } - { "count" : 1.0 } - 1 - 10/4/2012 2:43:58 PM
{ "createdDate" : ISODate("2012-10-04T07:43:58.174Z") } - { "count" : 1.0 } - 1 - 10/4/2012 2:43:58 PM
{ "createdDate" : ISODate("2012-10-04T07:43:58.22Z") } - { "count" : 1.0 } - 1 - 10/4/2012 2:43:58 PM
{ "createdDate" : ISODate("2012-10-04T07:43:59.752Z") } - { "count" : 1.0 } - 1 - 10/4/2012 2:43:59 PM
{ "createdDate" : ISODate("2012-10-04T07:43:59.799Z") } - { "count" : 1.0 } - 1 - 10/4/2012 2:43:59 PM
{ "createdDate" : ISODate("2012-10-04T07:43:59.845Z") } - { "count" : 1.0 } - 1 - 10/4/2012 2:43:59 PM
{ "createdDate" : ISODate("2012-10-04T07:43:59.908Z") } - { "count" : 1.0 } - 1 - 10/4/2012 2:43:59 PM
{ "createdDate" : ISODate("2012-10-04T07:43:59.955Z") } - { "count" : 1.0 } - 1 - 10/4/2012 2:43:59 PM
{ "createdDate" : ISODate("2012-10-04T07:44:00.002Z") } - { "count" : 1.0 } - 1 - 10/4/2012 2:44:00 PM
{ "createdDate" : ISODate("2012-10-04T07:44:00.064Z") } - { "count" : 1.0 } - 1 - 10/4/2012 2:44:00 PM
{ "createdDate" : ISODate("2012-10-04T07:44:00.111Z") } - { "count" : 1.0 } - 1 - 10/4/2012 2:44:00 PM
{ "createdDate" : ISODate("2012-10-04T07:44:00.174Z") } - { "count" : 1.0 } - 1 - 10/4/2012 2:44:00 PM
{ "createdDate" : ISODate("2012-10-04T07:44:00.22Z") } - { "count" : 1.0 } - 1 - 10/4/2012 2:44:00 PM
{ "createdDate" : ISODate("2012-10-04T07:44:00.267Z") } - { "count" : 1.0 } - 1 - 10/4/2012 2:44:00 PM
{ "createdDate" : ISODate("2012-10-04T07:44:03.924Z") } - { "count" : 1.0 } - 1 - 10/4/2012 2:44:03 PM
{ "createdDate" : ISODate("2012-10-04T07:44:03.986Z") } - { "count" : 1.0 } - 1 - 10/4/2012 2:44:03 PM
{ "createdDate" : ISODate("2012-10-04T07:44:04.049Z") } - { "count" : 1.0 } - 1 - 10/4/2012 2:44:04 PM
{ "createdDate" : ISODate("2012-10-04T07:44:04.095Z") } - { "count" : 1.0 } - 1 - 10/4/2012 2:44:04 PM
{ "createdDate" : ISODate("2012-10-04T07:44:04.142Z") } - { "count" : 1.0 } - 1 - 10/4/2012 2:44:04 PM
{ "createdDate" : ISODate("2012-10-04T07:44:04.189Z") } - { "count" : 1.0 } - 1 - 10/4/2012 2:44:04 PM
{ "createdDate" : ISODate("2012-10-04T07:44:04.392Z") } - { "count" : 1.0 } - 1 - 10/4/2012 2:44:04 PM
{ "createdDate" : ISODate("2012-10-04T07:44:04.611Z") } - { "count" : 1.0 } - 1 - 10/4/2012 2:44:04 PM
{ "createdDate" : ISODate("2012-10-04T07:44:04.674Z") } - { "count" : 1.0 } - 1 - 10/4/2012 2:44:04 PM
{ "createdDate" : ISODate("2012-10-04T07:44:04.767Z") } - { "count" : 1.0 } - 1 - 10/4/2012 2:44:04 PM
{ "createdDate" : ISODate("2012-10-04T07:44:05.002Z") } - { "count" : 1.0 } - 1 - 10/4/2012 2:44:05 PM
{ "createdDate" : ISODate("2012-10-04T07:44:07.783Z") } - { "count" : 1.0 } - 1 - 10/4/2012 2:44:07 PM
{ "createdDate" : ISODate("2012-10-04T07:44:07.861Z") } - { "count" : 1.0 } - 1 - 10/4/2012 2:44:07 PM
{ "createdDate" : ISODate("2012-10-04T07:44:07.924Z") } - { "count" : 1.0 } - 1 - 10/4/2012 2:44:07 PM
{ "createdDate" : ISODate("2012-10-04T07:44:07.986Z") } - { "count" : 1.0 } - 1 - 10/4/2012 2:44:07 PM
{ "createdDate" : ISODate("2012-10-04T07:44:08.064Z") } - { "count" : 1.0 } - 1 - 10/4/2012 2:44:08 PM
{ "createdDate" : ISODate("2012-10-04T07:44:08.127Z") } - { "count" : 1.0 } - 1 - 10/4/2012 2:44:08 PM
{ "createdDate" : ISODate("2012-10-04T07:44:08.189Z") } - { "count" : 1.0 } - 1 - 10/4/2012 2:44:08 PM
{ "createdDate" : ISODate("2012-10-04T07:44:08.252Z") } - { "count" : 1.0 } - 1 - 10/4/2012 2:44:08 PM
{ "createdDate" : ISODate("2012-10-04T07:44:08.314Z") } - { "count" : 1.0 } - 1 - 10/4/2012 2:44:08 PM
{ "createdDate" : ISODate("2012-10-04T07:44:08.377Z") } - { "count" : 1.0 } - 1 - 10/4/2012 2:44:08 PM
{ "createdDate" : ISODate("2012-10-04T07:44:08.424Z") } - { "count" : 1.0 } - 1 - 10/4/2012 2:44:08 PM
{ "createdDate" : ISODate("2012-10-04T07:44:11.424Z") } - { "count" : 1.0 } - 1 - 10/4/2012 2:44:11 PM
{ "createdDate" : ISODate("2012-10-04T07:44:11.486Z") } - { "count" : 1.0 } - 1 - 10/4/2012 2:44:11 PM
{ "createdDate" : ISODate("2012-10-04T07:44:11.564Z") } - { "count" : 1.0 } - 1 - 10/4/2012 2:44:11 PM
{ "createdDate" : ISODate("2012-10-04T07:44:11.658Z") } - { "count" : 1.0 } - 1 - 10/4/2012 2:44:11 PM
{ "createdDate" : ISODate("2012-10-04T07:44:11.799Z") } - { "count" : 1.0 } - 1 - 10/4/2012 2:44:11 PM
{ "createdDate" : ISODate("2012-10-04T07:44:11.892Z") } - { "count" : 1.0 } - 1 - 10/4/2012 2:44:11 PM
{ "createdDate" : ISODate("2012-10-04T07:44:11.986Z") } - { "count" : 1.0 } - 1 - 10/4/2012 2:44:11 PM
{ "createdDate" : ISODate("2012-10-04T07:44:12.111Z") } - { "count" : 1.0 } - 1 - 10/4/2012 2:44:12 PM
{ "createdDate" : ISODate("2012-10-04T07:44:12.252Z") } - { "count" : 1.0 } - 1 - 10/4/2012 2:44:12 PM
{ "createdDate" : ISODate("2012-10-04T07:44:12.392Z") } - { "count" : 1.0 } - 1 - 10/4/2012 2:44:12 PM
{ "createdDate" : ISODate("2012-10-04T07:44:12.502Z") } - { "count" : 1.0 } - 1 - 10/4/2012 2:44:12 PM
{ "createdDate" : ISODate("2012-10-04T07:44:15.814Z") } - { "count" : 1.0 } - 1 - 10/4/2012 2:44:15 PM
{ "createdDate" : ISODate("2012-10-04T07:44:15.955Z") } - { "count" : 1.0 } - 1 - 10/4/2012 2:44:15 PM
{ "createdDate" : ISODate("2012-10-04T07:44:16.033Z") } - { "count" : 1.0 } - 1 - 10/4/2012 2:44:16 PM
{ "createdDate" : ISODate("2012-10-04T07:44:16.127Z") } - { "count" : 1.0 } - 1 - 10/4/2012 2:44:16 PM
{ "createdDate" : ISODate("2012-10-04T07:44:16.189Z") } - { "count" : 1.0 } - 1 - 10/4/2012 2:44:16 PM
{ "createdDate" : ISODate("2012-10-04T07:44:16.252Z") } - { "count" : 1.0 } - 1 - 10/4/2012 2:44:16 PM
{ "createdDate" : ISODate("2012-10-04T07:44:16.299Z") } - { "count" : 1.0 } - 1 - 10/4/2012 2:44:16 PM
{ "createdDate" : ISODate("2012-10-04T07:44:16.345Z") } - { "count" : 1.0 } - 1 - 10/4/2012 2:44:16 PM
{ "createdDate" : ISODate("2012-10-04T07:44:16.408Z") } - { "count" : 1.0 } - 1 - 10/4/2012 2:44:16 PM
{ "createdDate" : ISODate("2012-10-04T07:44:16.455Z") } - { "count" : 1.0 } - 1 - 10/4/2012 2:44:16 PM
{ "createdDate" : ISODate("2012-10-04T07:44:16.517Z") } - { "count" : 1.0 } - 1 - 10/4/2012 2:44:16 PM
{ "createdDate" : ISODate("2012-10-04T07:44:19.345Z") } - { "count" : 1.0 } - 1 - 10/4/2012 2:44:19 PM
{ "createdDate" : ISODate("2012-10-04T07:44:19.408Z") } - { "count" : 1.0 } - 1 - 10/4/2012 2:44:19 PM
{ "createdDate" : ISODate("2012-10-04T07:44:19.486Z") } - { "count" : 1.0 } - 1 - 10/4/2012 2:44:19 PM
{ "createdDate" : ISODate("2012-10-04T07:44:19.549Z") } - { "count" : 1.0 } - 1 - 10/4/2012 2:44:19 PM
{ "createdDate" : ISODate("2012-10-04T07:44:19.627Z") } - { "count" : 1.0 } - 1 - 10/4/2012 2:44:19 PM
{ "createdDate" : ISODate("2012-10-04T07:44:19.705Z") } - { "count" : 1.0 } - 1 - 10/4/2012 2:44:19 PM
{ "createdDate" : ISODate("2012-10-04T07:44:19.767Z") } - { "count" : 1.0 } - 1 - 10/4/2012 2:44:19 PM
{ "createdDate" : ISODate("2012-10-04T07:44:19.814Z") } - { "count" : 1.0 } - 1 - 10/4/2012 2:44:19 PM
{ "createdDate" : ISODate("2012-10-04T07:44:19.861Z") } - { "count" : 1.0 } - 1 - 10/4/2012 2:44:19 PM
{ "createdDate" : ISODate("2012-10-04T07:44:19.908Z") } - { "count" : 1.0 } - 1 - 10/4/2012 2:44:19 PM
{ "createdDate" : ISODate("2012-10-04T07:44:19.955Z") } - { "count" : 1.0 } - 1 - 10/4/2012 2:44:19 PM
{ "createdDate" : ISODate("2012-10-04T07:44:26.299Z") } - { "count" : 1.0 } - 1 - 10/4/2012 2:44:26 PM
{ "createdDate" : ISODate("2012-10-04T07:44:26.502Z") } - { "count" : 1.0 } - 1 - 10/4/2012 2:44:26 PM
{ "createdDate" : ISODate("2012-10-04T07:44:26.611Z") } - { "count" : 1.0 } - 1 - 10/4/2012 2:44:26 PM
{ "createdDate" : ISODate("2012-10-04T07:44:26.861Z") } - { "count" : 1.0 } - 1 - 10/4/2012 2:44:26 PM
{ "createdDate" : ISODate("2012-10-04T07:44:27.142Z") } - { "count" : 1.0 } - 1 - 10/4/2012 2:44:27 PM
{ "createdDate" : ISODate("2012-10-04T07:44:27.267Z") } - { "count" : 1.0 } - 1 - 10/4/2012 2:44:27 PM
{ "createdDate" : ISODate("2012-10-04T07:44:27.392Z") } - { "count" : 1.0 } - 1 - 10/4/2012 2:44:27 PM
{ "createdDate" : ISODate("2012-10-04T07:44:27.517Z") } - { "count" : 1.0 } - 1 - 10/4/2012 2:44:27 PM
{ "createdDate" : ISODate("2012-10-04T07:44:27.611Z") } - { "count" : 1.0 } - 1 - 10/4/2012 2:44:27 PM
{ "createdDate" : ISODate("2012-10-04T07:44:27.705Z") } - { "count" : 1.0 } - 1 - 10/4/2012 2:44:27 PM
{ "createdDate" : ISODate("2012-10-04T07:44:27.799Z") } - { "count" : 1.0 } - 1 - 10/4/2012 2:44:27 PM
{ "createdDate" : ISODate("2012-10-04T07:44:30.095Z") } - { "count" : 1.0 } - 1 - 10/4/2012 2:44:30 PM
{ "createdDate" : ISODate("2012-10-04T07:44:30.142Z") } - { "count" : 1.0 } - 1 - 10/4/2012 2:44:30 PM
{ "createdDate" : ISODate("2012-10-04T07:44:30.267Z") } - { "count" : 1.0 } - 1 - 10/4/2012 2:44:30 PM
{ "createdDate" : ISODate("2012-10-04T07:44:30.361Z") } - { "count" : 1.0 } - 1 - 10/4/2012 2:44:30 PM
{ "createdDate" : ISODate("2012-10-04T07:44:30.502Z") } - { "count" : 1.0 } - 1 - 10/4/2012 2:44:30 PM
{ "createdDate" : ISODate("2012-10-04T07:44:30.642Z") } - { "count" : 1.0 } - 1 - 10/4/2012 2:44:30 PM
{ "createdDate" : ISODate("2012-10-04T07:44:30.783Z") } - { "count" : 1.0 } - 1 - 10/4/2012 2:44:30 PM
{ "createdDate" : ISODate("2012-10-04T07:44:30.939Z") } - { "count" : 1.0 } - 1 - 10/4/2012 2:44:30 PM
{ "createdDate" : ISODate("2012-10-04T07:44:31.017Z") } - { "count" : 1.0 } - 1 - 10/4/2012 2:44:31 PM
{ "createdDate" : ISODate("2012-10-04T07:44:31.174Z") } - { "count" : 1.0 } - 1 - 10/4/2012 2:44:31 PM
{ "createdDate" : ISODate("2012-10-04T07:44:31.236Z") } - { "count" : 1.0 } - 1 - 10/4/2012 2:44:31 PM
{ "createdDate" : ISODate("2012-10-04T07:44:35.783Z") } - { "count" : 1.0 } - 1 - 10/4/2012 2:44:35 PM
{ "createdDate" : ISODate("2012-10-04T07:44:35.83Z") } - { "count" : 1.0 } - 1 - 10/4/2012 2:44:35 PM
{ "createdDate" : ISODate("2012-10-04T07:44:35.892Z") } - { "count" : 1.0 } - 1 - 10/4/2012 2:44:35 PM
{ "createdDate" : ISODate("2012-10-04T07:44:35.939Z") } - { "count" : 1.0 } - 1 - 10/4/2012 2:44:35 PM
{ "createdDate" : ISODate("2012-10-04T07:44:36.002Z") } - { "count" : 1.0 } - 1 - 10/4/2012 2:44:36 PM
{ "createdDate" : ISODate("2012-10-04T07:44:36.049Z") } - { "count" : 1.0 } - 1 - 10/4/2012 2:44:36 PM
{ "createdDate" : ISODate("2012-10-04T07:44:36.095Z") } - { "count" : 1.0 } - 1 - 10/4/2012 2:44:36 PM
{ "createdDate" : ISODate("2012-10-04T07:44:36.127Z") } - { "count" : 1.0 } - 1 - 10/4/2012 2:44:36 PM
{ "createdDate" : ISODate("2012-10-04T07:44:36.174Z") } - { "count" : 1.0 } - 1 - 10/4/2012 2:44:36 PM
{ "createdDate" : ISODate("2012-10-04T07:44:36.22Z") } - { "count" : 1.0 } - 1 - 10/4/2012 2:44:36 PM
{ "createdDate" : ISODate("2012-10-04T07:44:36.267Z") } - { "count" : 1.0 } - 1 - 10/4/2012 2:44:36 PM
{ "createdDate" : ISODate("2012-10-04T07:44:37.799Z") } - { "count" : 1.0 } - 1 - 10/4/2012 2:44:37 PM
{ "createdDate" : ISODate("2012-10-04T07:44:37.861Z") } - { "count" : 1.0 } - 1 - 10/4/2012 2:44:37 PM
{ "createdDate" : ISODate("2012-10-04T07:44:37.924Z") } - { "count" : 1.0 } - 1 - 10/4/2012 2:44:37 PM
{ "createdDate" : ISODate("2012-10-04T07:44:37.986Z") } - { "count" : 1.0 } - 1 - 10/4/2012 2:44:37 PM
{ "createdDate" : ISODate("2012-10-04T07:44:38.033Z") } - { "count" : 1.0 } - 1 - 10/4/2012 2:44:38 PM
{ "createdDate" : ISODate("2012-10-04T07:44:38.08Z") } - { "count" : 1.0 } - 1 - 10/4/2012 2:44:38 PM
{ "createdDate" : ISODate("2012-10-04T07:44:38.142Z") } - { "count" : 1.0 } - 1 - 10/4/2012 2:44:38 PM
{ "createdDate" : ISODate("2012-10-04T07:44:38.189Z") } - { "count" : 1.0 } - 1 - 10/4/2012 2:44:38 PM
{ "createdDate" : ISODate("2012-10-04T07:44:38.236Z") } - { "count" : 1.0 } - 1 - 10/4/2012 2:44:38 PM
{ "createdDate" : ISODate("2012-10-04T07:44:38.283Z") } - { "count" : 1.0 } - 1 - 10/4/2012 2:44:38 PM
{ "createdDate" : ISODate("2012-10-04T07:44:38.345Z") } - { "count" : 1.0 } - 1 - 10/4/2012 2:44:38 PM
{ "createdDate" : ISODate("2012-10-04T07:44:43.377Z") } - { "count" : 1.0 } - 1 - 10/4/2012 2:44:43 PM
{ "createdDate" : ISODate("2012-10-04T07:44:43.439Z") } - { "count" : 1.0 } - 1 - 10/4/2012 2:44:43 PM
{ "createdDate" : ISODate("2012-10-04T07:44:43.502Z") } - { "count" : 1.0 } - 1 - 10/4/2012 2:44:43 PM
{ "createdDate" : ISODate("2012-10-04T07:44:43.564Z") } - { "count" : 1.0 } - 1 - 10/4/2012 2:44:43 PM
{ "createdDate" : ISODate("2012-10-04T07:44:43.642Z") } - { "count" : 1.0 } - 1 - 10/4/2012 2:44:43 PM
{ "createdDate" : ISODate("2012-10-04T07:44:43.72Z") } - { "count" : 1.0 } - 1 - 10/4/2012 2:44:43 PM
{ "createdDate" : ISODate("2012-10-04T07:44:43.767Z") } - { "count" : 1.0 } - 1 - 10/4/2012 2:44:43 PM
{ "createdDate" : ISODate("2012-10-04T07:44:43.845Z") } - { "count" : 1.0 } - 1 - 10/4/2012 2:44:43 PM
{ "createdDate" : ISODate("2012-10-04T07:44:43.908Z") } - { "count" : 1.0 } - 1 - 10/4/2012 2:44:43 PM
{ "createdDate" : ISODate("2012-10-04T07:44:43.97Z") } - { "count" : 1.0 } - 1 - 10/4/2012 2:44:43 PM
{ "createdDate" : ISODate("2012-10-04T07:44:44.033Z") } - { "count" : 1.0 } - 1 - 10/4/2012 2:44:44 PM
{ "createdDate" : ISODate("2012-10-04T07:44:46.033Z") } - { "count" : 1.0 } - 1 - 10/4/2012 2:44:46 PM
{ "createdDate" : ISODate("2012-10-04T07:44:46.252Z") } - { "count" : 1.0 } - 1 - 10/4/2012 2:44:46 PM
{ "createdDate" : ISODate("2012-10-04T07:44:46.486Z") } - { "count" : 1.0 } - 1 - 10/4/2012 2:44:46 PM
{ "createdDate" : ISODate("2012-10-04T07:44:46.627Z") } - { "count" : 1.0 } - 1 - 10/4/2012 2:44:46 PM
{ "createdDate" : ISODate("2012-10-04T07:44:46.705Z") } - { "count" : 1.0 } - 1 - 10/4/2012 2:44:46 PM
{ "createdDate" : ISODate("2012-10-04T07:44:46.783Z") } - { "count" : 1.0 } - 1 - 10/4/2012 2:44:46 PM
{ "createdDate" : ISODate("2012-10-04T07:44:46.955Z") } - { "count" : 1.0 } - 1 - 10/4/2012 2:44:46 PM
{ "createdDate" : ISODate("2012-10-04T07:44:47.158Z") } - { "count" : 1.0 } - 1 - 10/4/2012 2:44:47 PM
{ "createdDate" : ISODate("2012-10-04T07:44:47.314Z") } - { "count" : 1.0 } - 1 - 10/4/2012 2:44:47 PM
{ "createdDate" : ISODate("2012-10-04T07:44:47.627Z") } - { "count" : 1.0 } - 1 - 10/4/2012 2:44:47 PM
{ "createdDate" : ISODate("2012-10-04T07:44:47.892Z") } - { "count" : 1.0 } - 1 - 10/4/2012 2:44:47 PM
{ "createdDate" : ISODate("2012-10-05T02:42:49.502Z") } - { "count" : 1.0 } - 1 - 10/5/2012 9:42:49 AM
{ "createdDate" : ISODate("2012-10-05T02:42:49.58Z") } - { "count" : 1.0 } - 1 - 10/5/2012 9:42:49 AM
{ "createdDate" : ISODate("2012-10-05T02:42:49.611Z") } - { "count" : 1.0 } - 1 - 10/5/2012 9:42:49 AM
{ "createdDate" : ISODate("2012-10-05T02:42:49.642Z") } - { "count" : 1.0 } - 1 - 10/5/2012 9:42:49 AM
{ "createdDate" : ISODate("2012-10-05T02:42:49.674Z") } - { "count" : 1.0 } - 1 - 10/5/2012 9:42:49 AM
{ "createdDate" : ISODate("2012-10-05T02:42:49.72Z") } - { "count" : 1.0 } - 1 - 10/5/2012 9:42:49 AM
{ "createdDate" : ISODate("2012-10-05T02:42:49.752Z") } - { "count" : 1.0 } - 1 - 10/5/2012 9:42:49 AM
{ "createdDate" : ISODate("2012-10-05T02:42:49.799Z") } - { "count" : 1.0 } - 1 - 10/5/2012 9:42:49 AM
{ "createdDate" : ISODate("2012-10-05T02:42:49.845Z") } - { "count" : 1.0 } - 1 - 10/5/2012 9:42:49 AM
{ "createdDate" : ISODate("2012-10-05T02:42:49.877Z") } - { "count" : 1.0 } - 1 - 10/5/2012 9:42:49 AM
{ "createdDate" : ISODate("2012-10-05T02:42:49.924Z") } - { "count" : 1.0 } - 1 - 10/5/2012 9:42:49 AM
{ "createdDate" : ISODate("2012-10-05T02:44:52.783Z") } - { "count" : 1.0 } - 1 - 10/5/2012 9:44:52 AM
{ "createdDate" : ISODate("2012-10-05T02:44:52.814Z") } - { "count" : 1.0 } - 1 - 10/5/2012 9:44:52 AM
{ "createdDate" : ISODate("2012-10-05T02:44:52.861Z") } - { "count" : 1.0 } - 1 - 10/5/2012 9:44:52 AM
{ "createdDate" : ISODate("2012-10-05T02:44:52.892Z") } - { "count" : 1.0 } - 1 - 10/5/2012 9:44:52 AM
{ "createdDate" : ISODate("2012-10-05T02:44:52.939Z") } - { "count" : 1.0 } - 1 - 10/5/2012 9:44:52 AM
{ "createdDate" : ISODate("2012-10-05T02:44:53.002Z") } - { "count" : 1.0 } - 1 - 10/5/2012 9:44:53 AM
{ "createdDate" : ISODate("2012-10-05T02:44:53.064Z") } - { "count" : 1.0 } - 1 - 10/5/2012 9:44:53 AM
{ "createdDate" : ISODate("2012-10-05T02:44:53.095Z") } - { "count" : 1.0 } - 1 - 10/5/2012 9:44:53 AM
{ "createdDate" : ISODate("2012-10-05T02:44:53.142Z") } - { "count" : 1.0 } - 1 - 10/5/2012 9:44:53 AM
{ "createdDate" : ISODate("2012-10-05T02:44:53.174Z") } - { "count" : 1.0 } - 1 - 10/5/2012 9:44:53 AM
{ "createdDate" : ISODate("2012-10-05T02:44:53.22Z") } - { "count" : 1.0 } - 1 - 10/5/2012 9:44:53 AM</StdOut>
      </Output>
    </UnitTestResult>
  </Results>
</TestRun>